{"meta": {"format": 3, "version": "7.13.5", "timestamp": "2026-04-12T22:38:16.779587", "branch_coverage": false, "show_contexts": false}, "files": {"src\\__init__.py": {"executed_lines": [3, 4], "summary": {"covered_lines": 2, "num_statements": 2, "percent_covered": 100.0, "percent_covered_display": "100", "missing_lines": 0, "excluded_lines": 0, "percent_statements_covered": 100.0, "percent_statements_covered_display": "100"}, "missing_lines": [], "excluded_lines": [], "functions": {"": {"executed_lines": [3, 4], "summary": {"covered_lines": 2, "num_statements": 2, "percent_covered": 100.0, "percent_covered_display": "100", "missing_lines": 0, "excluded_lines": 0, "percent_statements_covered": 100.0, "percent_statements_covered_display": "100"}, "missing_lines": [], "excluded_lines": [], "start_line": 1}}, "classes": {"": {"executed_lines": [3, 4], "summary": {"covered_lines": 2, "num_statements": 2, "percent_covered": 100.0, "percent_covered_display": "100", "missing_lines": 0, "excluded_lines": 0, "percent_statements_covered": 100.0, "percent_statements_covered_display": "100"}, "missing_lines": [], "excluded_lines": [], "start_line": 1}}}, "src\\data\\__init__.py": {"executed_lines": [], "summary": {"covered_lines": 0, "num_statements": 0, "percent_covered": 100.0, "percent_covered_display": "100", "missing_lines": 0, "excluded_lines": 0, "percent_statements_covered": 100.0, "percent_statements_covered_display": "100"}, "missing_lines": [], "excluded_lines": [], "functions": {"": {"executed_lines": [], "summary": {"covered_lines": 0, "num_statements": 0, "percent_covered": 100.0, "percent_covered_display": "100", "missing_lines": 0, "excluded_lines": 0, "percent_statements_covered": 100.0, "percent_statements_covered_display": "100"}, "missing_lines": [], "excluded_lines": [], "start_line": 1}}, "classes": {"": {"executed_lines": [], "summary": {"covered_lines": 0, "num_statements": 0, "percent_covered": 100.0, "percent_covered_display": "100", "missing_lines": 0, "excluded_lines": 0, "percent_statements_covered": 100.0, "percent_statements_covered_display": "100"}, "missing_lines": [], "excluded_lines": [], "start_line": 1}}}, "src\\data\\__main__.py": {"executed_lines": [], "summary": {"covered_lines": 0, "num_statements": 3, "percent_covered": 0.0, "percent_covered_display": "0", "missing_lines": 3, "excluded_lines": 0, "percent_statements_covered": 0.0, "percent_statements_covered_display": "0"}, "missing_lines": [3, 5, 6], "excluded_lines": [], "functions": {"": {"executed_lines": [], "summary": {"covered_lines": 0, "num_statements": 3, "percent_covered": 0.0, "percent_covered_display": "0", "missing_lines": 3, "excluded_lines": 0, "percent_statements_covered": 0.0, "percent_statements_covered_display": "0"}, "missing_lines": [3, 5, 6], "excluded_lines": [], "start_line": 1}}, "classes": {"": {"executed_lines": [], "summary": {"covered_lines": 0, "num_statements": 3, "percent_covered": 0.0, "percent_covered_display": "0", "missing_lines": 3, "excluded_lines": 0, "percent_statements_covered": 0.0, "percent_statements_covered_display": "0"}, "missing_lines": [3, 5, 6], "excluded_lines": [], "start_line": 1}}}, "src\\data\\clean.py": {"executed_lines": [], "summary": {"covered_lines": 0, "num_statements": 101, "percent_covered": 0.0, "percent_covered_display": "0", "missing_lines": 101, "excluded_lines": 0, "percent_statements_covered": 0.0, "percent_statements_covered_display": "0"}, "missing_lines": [3, 4, 5, 6, 9, 20, 22, 23, 26, 29, 30, 31, 32, 35, 36, 37, 38, 41, 42, 43, 46, 47, 48, 51, 52, 53, 56, 57, 58, 59, 60, 63, 64, 65, 66, 68, 71, 72, 74, 75, 76, 77, 78, 79, 82, 83, 84, 85, 86, 87, 88, 90, 91, 92, 94, 97, 100, 101, 104, 106, 107, 108, 111, 112, 113, 114, 117, 118, 121, 122, 131, 134, 135, 136, 137, 138, 140, 141, 144, 147, 148, 149, 152, 153, 154, 155, 156, 157, 158, 161, 162, 163, 164, 165, 166, 167, 169, 170, 171, 174, 175], "excluded_lines": [], "functions": {"clean_data": {"executed_lines": [], "summary": {"covered_lines": 0, "num_statements": 73, "percent_covered": 0.0, "percent_covered_display": "0", "missing_lines": 73, "excluded_lines": 0, "percent_statements_covered": 0.0, "percent_statements_covered_display": "0"}, "missing_lines": [20, 22, 23, 26, 29, 30, 31, 32, 35, 36, 37, 38, 41, 42, 43, 46, 47, 48, 51, 52, 53, 56, 57, 58, 59, 60, 63, 64, 65, 66, 68, 71, 72, 74, 75, 76, 77, 78, 79, 82, 83, 84, 85, 86, 87, 88, 90, 91, 92, 94, 97, 100, 101, 104, 106, 107, 108, 111, 112, 113, 114, 117, 118, 121, 122, 131, 134, 135, 136, 137, 138, 140, 141], "excluded_lines": [], "start_line": 9}, "main": {"executed_lines": [], "summary": {"covered_lines": 0, "num_statements": 20, "percent_covered": 0.0, "percent_covered_display": "0", "missing_lines": 20, "excluded_lines": 0, "percent_statements_covered": 0.0, "percent_statements_covered_display": "0"}, "missing_lines": [147, 148, 149, 152, 153, 154, 155, 156, 157, 158, 161, 162, 163, 164, 165, 166, 167, 169, 170, 171], "excluded_lines": [], "start_line": 144}, "": {"executed_lines": [], "summary": {"covered_lines": 0, "num_statements": 8, "percent_covered": 0.0, "percent_covered_display": "0", "missing_lines": 8, "excluded_lines": 0, "percent_statements_covered": 0.0, "percent_statements_covered_display": "0"}, "missing_lines": [3, 4, 5, 6, 9, 144, 174, 175], "excluded_lines": [], "start_line": 1}}, "classes": {"": {"executed_lines": [], "summary": {"covered_lines": 0, "num_statements": 101, "percent_covered": 0.0, "percent_covered_display": "0", "missing_lines": 101, "excluded_lines": 0, "percent_statements_covered": 0.0, "percent_statements_covered_display": "0"}, "missing_lines": [3, 4, 5, 6, 9, 20, 22, 23, 26, 29, 30, 31, 32, 35, 36, 37, 38, 41, 42, 43, 46, 47, 48, 51, 52, 53, 56, 57, 58, 59, 60, 63, 64, 65, 66, 68, 71, 72, 74, 75, 76, 77, 78, 79, 82, 83, 84, 85, 86, 87, 88, 90, 91, 92, 94, 97, 100, 101, 104, 106, 107, 108, 111, 112, 113, 114, 117, 118, 121, 122, 131, 134, 135, 136, 137, 138, 140, 141, 144, 147, 148, 149, 152, 153, 154, 155, 156, 157, 158, 161, 162, 163, 164, 165, 166, 167, 169, 170, 171, 174, 175], "excluded_lines": [], "start_line": 1}}}, "src\\data\\dvc_stages.py": {"executed_lines": [], "summary": {"covered_lines": 0, "num_statements": 74, "percent_covered": 0.0, "percent_covered_display": "0", "missing_lines": 74, "excluded_lines": 0, "percent_statements_covered": 0.0, "percent_statements_covered_display": "0"}, "missing_lines": [3, 4, 5, 6, 8, 10, 13, 16, 18, 19, 21, 32, 40, 43, 44, 47, 48, 50, 51, 53, 55, 64, 65, 66, 67, 68, 79, 81, 83, 84, 85, 86, 89, 90, 91, 92, 95, 96, 97, 98, 99, 102, 103, 104, 105, 106, 109, 110, 111, 112, 113, 116, 117, 118, 119, 120, 121, 123, 124, 127, 128, 129, 130, 131, 132, 133, 134, 135, 136, 137, 138, 139, 140, 142], "excluded_lines": [], "functions": {"DataQualityReport.__init__": {"executed_lines": [], "summary": {"covered_lines": 0, "num_statements": 2, "percent_covered": 0.0, "percent_covered_display": "0", "missing_lines": 2, "excluded_lines": 0, "percent_statements_covered": 0.0, "percent_statements_covered_display": "0"}, "missing_lines": [18, 19], "excluded_lines": [], "start_line": 16}, "DataQualityReport.create_report": {"executed_lines": [], "summary": {"covered_lines": 0, "num_statements": 8, "percent_covered": 0.0, "percent_covered_display": "0", "missing_lines": 8, "excluded_lines": 0, "percent_statements_covered": 0.0, "percent_statements_covered_display": "0"}, "missing_lines": [32, 40, 43, 44, 47, 48, 50, 51], "excluded_lines": [], "start_line": 21}, "DataQualityReport._summarize_data": {"executed_lines": [], "summary": {"covered_lines": 0, "num_statements": 7, "percent_covered": 0.0, "percent_covered_display": "0", "missing_lines": 7, "excluded_lines": 0, "percent_statements_covered": 0.0, "percent_statements_covered_display": "0"}, "missing_lines": [55, 64, 65, 66, 67, 68, 79], "excluded_lines": [], "start_line": 53}, "DataQualityReport._write_markdown_report": {"executed_lines": [], "summary": {"covered_lines": 0, "num_statements": 46, "percent_covered": 0.0, "percent_covered_display": "0", "missing_lines": 46, "excluded_lines": 0, "percent_statements_covered": 0.0, "percent_statements_covered_display": "0"}, "missing_lines": [83, 84, 85, 86, 89, 90, 91, 92, 95, 96, 97, 98, 99, 102, 103, 104, 105, 106, 109, 110, 111, 112, 113, 116, 117, 118, 119, 120, 121, 123, 124, 127, 128, 129, 130, 131, 132, 133, 134, 135, 136, 137, 138, 139, 140, 142], "excluded_lines": [], "start_line": 81}, "": {"executed_lines": [], "summary": {"covered_lines": 0, "num_statements": 11, "percent_covered": 0.0, "percent_covered_display": "0", "missing_lines": 11, "excluded_lines": 0, "percent_statements_covered": 0.0, "percent_statements_covered_display": "0"}, "missing_lines": [3, 4, 5, 6, 8, 10, 13, 16, 21, 53, 81], "excluded_lines": [], "start_line": 1}}, "classes": {"DataQualityReport": {"executed_lines": [], "summary": {"covered_lines": 0, "num_statements": 63, "percent_covered": 0.0, "percent_covered_display": "0", "missing_lines": 63, "excluded_lines": 0, "percent_statements_covered": 0.0, "percent_statements_covered_display": "0"}, "missing_lines": [18, 19, 32, 40, 43, 44, 47, 48, 50, 51, 55, 64, 65, 66, 67, 68, 79, 83, 84, 85, 86, 89, 90, 91, 92, 95, 96, 97, 98, 99, 102, 103, 104, 105, 106, 109, 110, 111, 112, 113, 116, 117, 118, 119, 120, 121, 123, 124, 127, 128, 129, 130, 131, 132, 133, 134, 135, 136, 137, 138, 139, 140, 142], "excluded_lines": [], "start_line": 13}, "": {"executed_lines": [], "summary": {"covered_lines": 0, "num_statements": 11, "percent_covered": 0.0, "percent_covered_display": "0", "missing_lines": 11, "excluded_lines": 0, "percent_statements_covered": 0.0, "percent_statements_covered_display": "0"}, "missing_lines": [3, 4, 5, 6, 8, 10, 13, 16, 21, 53, 81], "excluded_lines": [], "start_line": 1}}}, "src\\data\\ingest.py": {"executed_lines": [], "summary": {"covered_lines": 0, "num_statements": 34, "percent_covered": 0.0, "percent_covered_display": "0", "missing_lines": 34, "excluded_lines": 0, "percent_statements_covered": 0.0, "percent_statements_covered_display": "0"}, "missing_lines": [3, 5, 7, 8, 11, 13, 16, 29, 32, 33, 36, 37, 38, 39, 41, 42, 44, 45, 48, 49, 52, 53, 54, 55, 58, 59, 60, 61, 63, 66, 68, 69, 72, 73], "excluded_lines": [], "functions": {"load_raw_data": {"executed_lines": [], "summary": {"covered_lines": 0, "num_statements": 1, "percent_covered": 0.0, "percent_covered_display": "0", "missing_lines": 1, "excluded_lines": 0, "percent_statements_covered": 0.0, "percent_statements_covered_display": "0"}, "missing_lines": [13], "excluded_lines": [], "start_line": 11}, "ingest_data": {"executed_lines": [], "summary": {"covered_lines": 0, "num_statements": 22, "percent_covered": 0.0, "percent_covered_display": "0", "missing_lines": 22, "excluded_lines": 0, "percent_statements_covered": 0.0, "percent_statements_covered_display": "0"}, "missing_lines": [29, 32, 33, 36, 37, 38, 39, 41, 42, 44, 45, 48, 49, 52, 53, 54, 55, 58, 59, 60, 61, 63], "excluded_lines": [], "start_line": 16}, "main": {"executed_lines": [], "summary": {"covered_lines": 0, "num_statements": 2, "percent_covered": 0.0, "percent_covered_display": "0", "missing_lines": 2, "excluded_lines": 0, "percent_statements_covered": 0.0, "percent_statements_covered_display": "0"}, "missing_lines": [68, 69], "excluded_lines": [], "start_line": 66}, "": {"executed_lines": [], "summary": {"covered_lines": 0, "num_statements": 9, "percent_covered": 0.0, "percent_covered_display": "0", "missing_lines": 9, "excluded_lines": 0, "percent_statements_covered": 0.0, "percent_statements_covered_display": "0"}, "missing_lines": [3, 5, 7, 8, 11, 16, 66, 72, 73], "excluded_lines": [], "start_line": 1}}, "classes": {"": {"executed_lines": [], "summary": {"covered_lines": 0, "num_statements": 34, "percent_covered": 0.0, "percent_covered_display": "0", "missing_lines": 34, "excluded_lines": 0, "percent_statements_covered": 0.0, "percent_statements_covered_display": "0"}, "missing_lines": [3, 5, 7, 8, 11, 13, 16, 29, 32, 33, 36, 37, 38, 39, 41, 42, 44, 45, 48, 49, 52, 53, 54, 55, 58, 59, 60, 61, 63, 66, 68, 69, 72, 73], "excluded_lines": [], "start_line": 1}}}, "src\\data\\quality.py": {"executed_lines": [3, 4, 5, 6, 8, 10, 13, 16, 18, 19, 21, 32, 40, 43, 44, 47, 48, 50, 51, 53, 55, 64, 65, 66, 67, 68, 79, 81, 83, 84, 85, 86, 89, 90, 91, 92, 95, 102, 103, 104, 105, 106, 109, 110, 111, 112, 113, 116, 117, 118, 123, 124, 127, 128, 129, 130, 131, 132, 133, 134, 135, 136, 137, 138, 139, 140, 142], "summary": {"covered_lines": 67, "num_statements": 74, "percent_covered": 90.54054054054055, "percent_covered_display": "91", "missing_lines": 7, "excluded_lines": 0, "percent_statements_covered": 90.54054054054055, "percent_statements_covered_display": "91"}, "missing_lines": [96, 97, 98, 99, 119, 120, 121], "excluded_lines": [], "functions": {"DataQualityReport.__init__": {"executed_lines": [18, 19], "summary": {"covered_lines": 2, "num_statements": 2, "percent_covered": 100.0, "percent_covered_display": "100", "missing_lines": 0, "excluded_lines": 0, "percent_statements_covered": 100.0, "percent_statements_covered_display": "100"}, "missing_lines": [], "excluded_lines": [], "start_line": 16}, "DataQualityReport.create_report": {"executed_lines": [32, 40, 43, 44, 47, 48, 50, 51], "summary": {"covered_lines": 8, "num_statements": 8, "percent_covered": 100.0, "percent_covered_display": "100", "missing_lines": 0, "excluded_lines": 0, "percent_statements_covered": 100.0, "percent_statements_covered_display": "100"}, "missing_lines": [], "excluded_lines": [], "start_line": 21}, "DataQualityReport._summarize_data": {"executed_lines": [55, 64, 65, 66, 67, 68, 79], "summary": {"covered_lines": 7, "num_statements": 7, "percent_covered": 100.0, "percent_covered_display": "100", "missing_lines": 0, "excluded_lines": 0, "percent_statements_covered": 100.0, "percent_statements_covered_display": "100"}, "missing_lines": [], "excluded_lines": [], "start_line": 53}, "DataQualityReport._write_markdown_report": {"executed_lines": [83, 84, 85, 86, 89, 90, 91, 92, 95, 102, 103, 104, 105, 106, 109, 110, 111, 112, 113, 116, 117, 118, 123, 124, 127, 128, 129, 130, 131, 132, 133, 134, 135, 136, 137, 138, 139, 140, 142], "summary": {"covered_lines": 39, "num_statements": 46, "percent_covered": 84.78260869565217, "percent_covered_display": "85", "missing_lines": 7, "excluded_lines": 0, "percent_statements_covered": 84.78260869565217, "percent_statements_covered_display": "85"}, "missing_lines": [96, 97, 98, 99, 119, 120, 121], "excluded_lines": [], "start_line": 81}, "": {"executed_lines": [3, 4, 5, 6, 8, 10, 13, 16, 21, 53, 81], "summary": {"covered_lines": 11, "num_statements": 11, "percent_covered": 100.0, "percent_covered_display": "100", "missing_lines": 0, "excluded_lines": 0, "percent_statements_covered": 100.0, "percent_statements_covered_display": "100"}, "missing_lines": [], "excluded_lines": [], "start_line": 1}}, "classes": {"DataQualityReport": {"executed_lines": [18, 19, 32, 40, 43, 44, 47, 48, 50, 51, 55, 64, 65, 66, 67, 68, 79, 83, 84, 85, 86, 89, 90, 91, 92, 95, 102, 103, 104, 105, 106, 109, 110, 111, 112, 113, 116, 117, 118, 123, 124, 127, 128, 129, 130, 131, 132, 133, 134, 135, 136, 137, 138, 139, 140, 142], "summary": {"covered_lines": 56, "num_statements": 63, "percent_covered": 88.88888888888889, "percent_covered_display": "89", "missing_lines": 7, "excluded_lines": 0, "percent_statements_covered": 88.88888888888889, "percent_statements_covered_display": "89"}, "missing_lines": [96, 97, 98, 99, 119, 120, 121], "excluded_lines": [], "start_line": 13}, "": {"executed_lines": [3, 4, 5, 6, 8, 10, 13, 16, 21, 53, 81], "summary": {"covered_lines": 11, "num_statements": 11, "percent_covered": 100.0, "percent_covered_display": "100", "missing_lines": 0, "excluded_lines": 0, "percent_statements_covered": 100.0, "percent_statements_covered_display": "100"}, "missing_lines": [], "excluded_lines": [], "start_line": 1}}}, "src\\data\\quality_framework.py": {"executed_lines": [], "summary": {"covered_lines": 0, "num_statements": 199, "percent_covered": 0.0, "percent_covered_display": "0", "missing_lines": 199, "excluded_lines": 0, "percent_statements_covered": 0.0, "percent_statements_covered_display": "0"}, "missing_lines": [15, 16, 17, 18, 19, 21, 22, 23, 25, 28, 29, 31, 32, 33, 34, 35, 37, 38, 39, 42, 55, 57, 58, 59, 60, 61, 62, 63, 67, 69, 70, 76, 77, 79, 85, 86, 87, 93, 94, 98, 100, 101, 102, 108, 109, 111, 113, 114, 115, 116, 122, 123, 127, 134, 135, 137, 138, 139, 141, 153, 154, 158, 160, 161, 162, 163, 169, 170, 172, 174, 175, 176, 177, 188, 189, 193, 195, 196, 197, 198, 199, 205, 206, 210, 217, 218, 219, 225, 226, 228, 235, 236, 237, 243, 244, 248, 250, 251, 252, 255, 256, 257, 258, 266, 272, 273, 275, 277, 278, 279, 282, 283, 284, 285, 293, 299, 300, 302, 304, 305, 306, 308, 309, 310, 317, 323, 324, 326, 328, 329, 330, 333, 334, 335, 336, 344, 350, 351, 353, 355, 357, 360, 361, 362, 363, 366, 367, 368, 371, 372, 375, 376, 377, 378, 381, 382, 385, 386, 388, 398, 400, 402, 404, 406, 408, 410, 411, 414, 415, 417, 424, 425, 426, 428, 431, 432, 434, 436, 438, 456, 457, 458, 460, 461, 462, 463, 464, 465, 466, 468, 469, 471, 474, 490, 492, 493, 494, 496, 498], "excluded_lines": [], "functions": {"ValidationResult.__post_init__": {"executed_lines": [], "summary": {"covered_lines": 0, "num_statements": 2, "percent_covered": 0.0, "percent_covered_display": "0", "missing_lines": 2, "excluded_lines": 0, "percent_statements_covered": 0.0, "percent_statements_covered_display": "0"}, "missing_lines": [38, 39], "excluded_lines": [], "start_line": 37}, "GreatExpectationsFramework.__init__": {"executed_lines": [], "summary": {"covered_lines": 0, "num_statements": 7, "percent_covered": 0.0, "percent_covered_display": "0", "missing_lines": 7, "excluded_lines": 0, "percent_statements_covered": 0.0, "percent_statements_covered_display": "0"}, "missing_lines": [57, 58, 59, 60, 61, 62, 63], "excluded_lines": [], "start_line": 55}, "GreatExpectationsFramework.expect_column_to_exist": {"executed_lines": [], "summary": {"covered_lines": 0, "num_statements": 4, "percent_covered": 0.0, "percent_covered_display": "0", "missing_lines": 4, "excluded_lines": 0, "percent_statements_covered": 0.0, "percent_statements_covered_display": "0"}, "missing_lines": [69, 70, 76, 77], "excluded_lines": [], "start_line": 67}, "GreatExpectationsFramework.expect_column_values_to_be_in_type_list": {"executed_lines": [], "summary": {"covered_lines": 0, "num_statements": 5, "percent_covered": 0.0, "percent_covered_display": "0", "missing_lines": 5, "excluded_lines": 0, "percent_statements_covered": 0.0, "percent_statements_covered_display": "0"}, "missing_lines": [85, 86, 87, 93, 94], "excluded_lines": [], "start_line": 79}, "GreatExpectationsFramework.expect_column_values_to_not_be_null": {"executed_lines": [], "summary": {"covered_lines": 0, "num_statements": 5, "percent_covered": 0.0, "percent_covered_display": "0", "missing_lines": 5, "excluded_lines": 0, "percent_statements_covered": 0.0, "percent_statements_covered_display": "0"}, "missing_lines": [100, 101, 102, 108, 109], "excluded_lines": [], "start_line": 98}, "GreatExpectationsFramework.expect_column_values_to_be_null": {"executed_lines": [], "summary": {"covered_lines": 0, "num_statements": 6, "percent_covered": 0.0, "percent_covered_display": "0", "missing_lines": 6, "excluded_lines": 0, "percent_statements_covered": 0.0, "percent_statements_covered_display": "0"}, "missing_lines": [113, 114, 115, 116, 122, 123], "excluded_lines": [], "start_line": 111}, "GreatExpectationsFramework.expect_column_values_to_be_between": {"executed_lines": [], "summary": {"covered_lines": 0, "num_statements": 8, "percent_covered": 0.0, "percent_covered_display": "0", "missing_lines": 8, "excluded_lines": 0, "percent_statements_covered": 0.0, "percent_statements_covered_display": "0"}, "missing_lines": [134, 135, 137, 138, 139, 141, 153, 154], "excluded_lines": [], "start_line": 127}, "GreatExpectationsFramework.expect_column_values_to_be_unique": {"executed_lines": [], "summary": {"covered_lines": 0, "num_statements": 6, "percent_covered": 0.0, "percent_covered_display": "0", "missing_lines": 6, "excluded_lines": 0, "percent_statements_covered": 0.0, "percent_statements_covered_display": "0"}, "missing_lines": [160, 161, 162, 163, 169, 170], "excluded_lines": [], "start_line": 158}, "GreatExpectationsFramework.expect_column_values_to_be_in_set": {"executed_lines": [], "summary": {"covered_lines": 0, "num_statements": 6, "percent_covered": 0.0, "percent_covered_display": "0", "missing_lines": 6, "excluded_lines": 0, "percent_statements_covered": 0.0, "percent_statements_covered_display": "0"}, "missing_lines": [174, 175, 176, 177, 188, 189], "excluded_lines": [], "start_line": 172}, "GreatExpectationsFramework.expect_column_values_to_match_regex": {"executed_lines": [], "summary": {"covered_lines": 0, "num_statements": 7, "percent_covered": 0.0, "percent_covered_display": "0", "missing_lines": 7, "excluded_lines": 0, "percent_statements_covered": 0.0, "percent_statements_covered_display": "0"}, "missing_lines": [195, 196, 197, 198, 199, 205, 206], "excluded_lines": [], "start_line": 193}, "GreatExpectationsFramework.expect_column_mean_to_be_between": {"executed_lines": [], "summary": {"covered_lines": 0, "num_statements": 5, "percent_covered": 0.0, "percent_covered_display": "0", "missing_lines": 5, "excluded_lines": 0, "percent_statements_covered": 0.0, "percent_statements_covered_display": "0"}, "missing_lines": [217, 218, 219, 225, 226], "excluded_lines": [], "start_line": 210}, "GreatExpectationsFramework.expect_column_stdev_to_be_between": {"executed_lines": [], "summary": {"covered_lines": 0, "num_statements": 5, "percent_covered": 0.0, "percent_covered_display": "0", "missing_lines": 5, "excluded_lines": 0, "percent_statements_covered": 0.0, "percent_statements_covered_display": "0"}, "missing_lines": [235, 236, 237, 243, 244], "excluded_lines": [], "start_line": 228}, "GreatExpectationsFramework.expect_taxi_fare_valid": {"executed_lines": [], "summary": {"covered_lines": 0, "num_statements": 10, "percent_covered": 0.0, "percent_covered_display": "0", "missing_lines": 10, "excluded_lines": 0, "percent_statements_covered": 0.0, "percent_statements_covered_display": "0"}, "missing_lines": [250, 251, 252, 255, 256, 257, 258, 266, 272, 273], "excluded_lines": [], "start_line": 248}, "GreatExpectationsFramework.expect_trip_distance_valid": {"executed_lines": [], "summary": {"covered_lines": 0, "num_statements": 10, "percent_covered": 0.0, "percent_covered_display": "0", "missing_lines": 10, "excluded_lines": 0, "percent_statements_covered": 0.0, "percent_statements_covered_display": "0"}, "missing_lines": [277, 278, 279, 282, 283, 284, 285, 293, 299, 300], "excluded_lines": [], "start_line": 275}, "GreatExpectationsFramework.expect_fare_distance_correlation": {"executed_lines": [], "summary": {"covered_lines": 0, "num_statements": 9, "percent_covered": 0.0, "percent_covered_display": "0", "missing_lines": 9, "excluded_lines": 0, "percent_statements_covered": 0.0, "percent_statements_covered_display": "0"}, "missing_lines": [304, 305, 306, 308, 309, 310, 317, 323, 324], "excluded_lines": [], "start_line": 302}, "GreatExpectationsFramework.expect_passenger_count_valid": {"executed_lines": [], "summary": {"covered_lines": 0, "num_statements": 10, "percent_covered": 0.0, "percent_covered_display": "0", "missing_lines": 10, "excluded_lines": 0, "percent_statements_covered": 0.0, "percent_statements_covered_display": "0"}, "missing_lines": [328, 329, 330, 333, 334, 335, 336, 344, 350, 351], "excluded_lines": [], "start_line": 326}, "GreatExpectationsFramework.validate_taxi_data": {"executed_lines": [], "summary": {"covered_lines": 0, "num_statements": 23, "percent_covered": 0.0, "percent_covered_display": "0", "missing_lines": 23, "excluded_lines": 0, "percent_statements_covered": 0.0, "percent_statements_covered_display": "0"}, "missing_lines": [355, 357, 360, 361, 362, 363, 366, 367, 368, 371, 372, 375, 376, 377, 378, 381, 382, 385, 386, 388, 398, 400, 402], "excluded_lines": [], "start_line": 353}, "GreatExpectationsFramework.get_validation_suite": {"executed_lines": [], "summary": {"covered_lines": 0, "num_statements": 1, "percent_covered": 0.0, "percent_covered_display": "0", "missing_lines": 1, "excluded_lines": 0, "percent_statements_covered": 0.0, "percent_statements_covered_display": "0"}, "missing_lines": [406], "excluded_lines": [], "start_line": 404}, "GreatExpectationsFramework.save_validation_report": {"executed_lines": [], "summary": {"covered_lines": 0, "num_statements": 12, "percent_covered": 0.0, "percent_covered_display": "0", "missing_lines": 12, "excluded_lines": 0, "percent_statements_covered": 0.0, "percent_statements_covered_display": "0"}, "missing_lines": [410, 411, 414, 415, 417, 424, 425, 426, 428, 431, 432, 434], "excluded_lines": [], "start_line": 408}, "GreatExpectationsFramework._save_markdown_report": {"executed_lines": [], "summary": {"covered_lines": 0, "num_statements": 14, "percent_covered": 0.0, "percent_covered_display": "0", "missing_lines": 14, "excluded_lines": 0, "percent_statements_covered": 0.0, "percent_statements_covered_display": "0"}, "missing_lines": [438, 456, 457, 458, 460, 461, 462, 463, 464, 465, 466, 468, 469, 471], "excluded_lines": [], "start_line": 436}, "validate_taxi_dataset": {"executed_lines": [], "summary": {"covered_lines": 0, "num_statements": 6, "percent_covered": 0.0, "percent_covered_display": "0", "missing_lines": 6, "excluded_lines": 0, "percent_statements_covered": 0.0, "percent_statements_covered_display": "0"}, "missing_lines": [490, 492, 493, 494, 496, 498], "excluded_lines": [], "start_line": 474}, "": {"executed_lines": [], "summary": {"covered_lines": 0, "num_statements": 38, "percent_covered": 0.0, "percent_covered_display": "0", "missing_lines": 38, "excluded_lines": 0, "percent_statements_covered": 0.0, "percent_statements_covered_display": "0"}, "missing_lines": [15, 16, 17, 18, 19, 21, 22, 23, 25, 28, 29, 31, 32, 33, 34, 35, 37, 42, 55, 67, 79, 98, 111, 127, 158, 172, 193, 210, 228, 248, 275, 302, 326, 353, 404, 408, 436, 474], "excluded_lines": [], "start_line": 1}}, "classes": {"ValidationResult": {"executed_lines": [], "summary": {"covered_lines": 0, "num_statements": 2, "percent_covered": 0.0, "percent_covered_display": "0", "missing_lines": 2, "excluded_lines": 0, "percent_statements_covered": 0.0, "percent_statements_covered_display": "0"}, "missing_lines": [38, 39], "excluded_lines": [], "start_line": 29}, "GreatExpectationsFramework": {"executed_lines": [], "summary": {"covered_lines": 0, "num_statements": 153, "percent_covered": 0.0, "percent_covered_display": "0", "missing_lines": 153, "excluded_lines": 0, "percent_statements_covered": 0.0, "percent_statements_covered_display": "0"}, "missing_lines": [57, 58, 59, 60, 61, 62, 63, 69, 70, 76, 77, 85, 86, 87, 93, 94, 100, 101, 102, 108, 109, 113, 114, 115, 116, 122, 123, 134, 135, 137, 138, 139, 141, 153, 154, 160, 161, 162, 163, 169, 170, 174, 175, 176, 177, 188, 189, 195, 196, 197, 198, 199, 205, 206, 217, 218, 219, 225, 226, 235, 236, 237, 243, 244, 250, 251, 252, 255, 256, 257, 258, 266, 272, 273, 277, 278, 279, 282, 283, 284, 285, 293, 299, 300, 304, 305, 306, 308, 309, 310, 317, 323, 324, 328, 329, 330, 333, 334, 335, 336, 344, 350, 351, 355, 357, 360, 361, 362, 363, 366, 367, 368, 371, 372, 375, 376, 377, 378, 381, 382, 385, 386, 388, 398, 400, 402, 406, 410, 411, 414, 415, 417, 424, 425, 426, 428, 431, 432, 434, 438, 456, 457, 458, 460, 461, 462, 463, 464, 465, 466, 468, 469, 471], "excluded_lines": [], "start_line": 42}, "": {"executed_lines": [], "summary": {"covered_lines": 0, "num_statements": 44, "percent_covered": 0.0, "percent_covered_display": "0", "missing_lines": 44, "excluded_lines": 0, "percent_statements_covered": 0.0, "percent_statements_covered_display": "0"}, "missing_lines": [15, 16, 17, 18, 19, 21, 22, 23, 25, 28, 29, 31, 32, 33, 34, 35, 37, 42, 55, 67, 79, 98, 111, 127, 158, 172, 193, 210, 228, 248, 275, 302, 326, 353, 404, 408, 436, 474, 490, 492, 493, 494, 496, 498], "excluded_lines": [], "start_line": 1}}}, "src\\data\\schema.py": {"executed_lines": [7, 8, 11, 14, 15, 16, 17, 18, 21, 22, 25, 26, 27, 28, 29, 30, 31, 34, 38, 45, 52, 61, 70, 79, 87, 96, 105, 113, 121, 130, 139, 148, 157, 166, 176, 185, 186, 188, 207, 208, 210, 211, 212, 214, 215, 217, 219, 220, 222, 223, 227, 228, 230, 231, 233, 234, 236, 237, 241, 244, 247], "summary": {"covered_lines": 61, "num_statements": 61, "percent_covered": 100.0, "percent_covered_display": "100", "missing_lines": 0, "excluded_lines": 0, "percent_statements_covered": 100.0, "percent_statements_covered_display": "100"}, "missing_lines": [], "excluded_lines": [], "functions": {"DataSchema.get_input_schema": {"executed_lines": [188], "summary": {"covered_lines": 1, "num_statements": 1, "percent_covered": 100.0, "percent_covered_display": "100", "missing_lines": 0, "excluded_lines": 0, "percent_statements_covered": 100.0, "percent_statements_covered_display": "100"}, "missing_lines": [], "excluded_lines": [], "start_line": 186}, "DataSchema.get_full_schema": {"executed_lines": [210, 211, 212], "summary": {"covered_lines": 3, "num_statements": 3, "percent_covered": 100.0, "percent_covered_display": "100", "missing_lines": 0, "excluded_lines": 0, "percent_statements_covered": 100.0, "percent_statements_covered_display": "100"}, "missing_lines": [], "excluded_lines": [], "start_line": 208}, "DataSchema.get_required_columns": {"executed_lines": [217], "summary": {"covered_lines": 1, "num_statements": 1, "percent_covered": 100.0, "percent_covered_display": "100", "missing_lines": 0, "excluded_lines": 0, "percent_statements_covered": 100.0, "percent_statements_covered_display": "100"}, "missing_lines": [], "excluded_lines": [], "start_line": 215}, "DataSchema.get_numeric_columns": {"executed_lines": [222, 223], "summary": {"covered_lines": 2, "num_statements": 2, "percent_covered": 100.0, "percent_covered_display": "100", "missing_lines": 0, "excluded_lines": 0, "percent_statements_covered": 100.0, "percent_statements_covered_display": "100"}, "missing_lines": [], "excluded_lines": [], "start_line": 220}, "DataSchema.get_categorical_columns": {"executed_lines": [230, 231], "summary": {"covered_lines": 2, "num_statements": 2, "percent_covered": 100.0, "percent_covered_display": "100", "missing_lines": 0, "excluded_lines": 0, "percent_statements_covered": 100.0, "percent_statements_covered_display": "100"}, "missing_lines": [], "excluded_lines": [], "start_line": 228}, "DataSchema.get_datetime_columns": {"executed_lines": [236, 237], "summary": {"covered_lines": 2, "num_statements": 2, "percent_covered": 100.0, "percent_covered_display": "100", "missing_lines": 0, "excluded_lines": 0, "percent_statements_covered": 100.0, "percent_statements_covered_display": "100"}, "missing_lines": [], "excluded_lines": [], "start_line": 234}, "": {"executed_lines": [7, 8, 11, 14, 15, 16, 17, 18, 21, 22, 25, 26, 27, 28, 29, 30, 31, 34, 38, 45, 52, 61, 70, 79, 87, 96, 105, 113, 121, 130, 139, 148, 157, 166, 176, 185, 186, 207, 208, 214, 215, 219, 220, 227, 228, 233, 234, 241, 244, 247], "summary": {"covered_lines": 50, "num_statements": 50, "percent_covered": 100.0, "percent_covered_display": "100", "missing_lines": 0, "excluded_lines": 0, "percent_statements_covered": 100.0, "percent_statements_covered_display": "100"}, "missing_lines": [], "excluded_lines": [], "start_line": 1}}, "classes": {"DataType": {"executed_lines": [], "summary": {"covered_lines": 0, "num_statements": 0, "percent_covered": 100.0, "percent_covered_display": "100", "missing_lines": 0, "excluded_lines": 0, "percent_statements_covered": 100.0, "percent_statements_covered_display": "100"}, "missing_lines": [], "excluded_lines": [], "start_line": 11}, "ColumnSpec": {"executed_lines": [], "summary": {"covered_lines": 0, "num_statements": 0, "percent_covered": 100.0, "percent_covered_display": "100", "missing_lines": 0, "excluded_lines": 0, "percent_statements_covered": 100.0, "percent_statements_covered_display": "100"}, "missing_lines": [], "excluded_lines": [], "start_line": 22}, "DataSchema": {"executed_lines": [188, 210, 211, 212, 217, 222, 223, 230, 231, 236, 237], "summary": {"covered_lines": 11, "num_statements": 11, "percent_covered": 100.0, "percent_covered_display": "100", "missing_lines": 0, "excluded_lines": 0, "percent_statements_covered": 100.0, "percent_statements_covered_display": "100"}, "missing_lines": [], "excluded_lines": [], "start_line": 34}, "": {"executed_lines": [7, 8, 11, 14, 15, 16, 17, 18, 21, 22, 25, 26, 27, 28, 29, 30, 31, 34, 38, 45, 52, 61, 70, 79, 87, 96, 105, 113, 121, 130, 139, 148, 157, 166, 176, 185, 186, 207, 208, 214, 215, 219, 220, 227, 228, 233, 234, 241, 244, 247], "summary": {"covered_lines": 50, "num_statements": 50, "percent_covered": 100.0, "percent_covered_display": "100", "missing_lines": 0, "excluded_lines": 0, "percent_statements_covered": 100.0, "percent_statements_covered_display": "100"}, "missing_lines": [], "excluded_lines": [], "start_line": 1}}}, "src\\data\\split.py": {"executed_lines": [], "summary": {"covered_lines": 0, "num_statements": 4, "percent_covered": 0.0, "percent_covered_display": "0", "missing_lines": 4, "excluded_lines": 0, "percent_statements_covered": 0.0, "percent_statements_covered_display": "0"}, "missing_lines": [3, 4, 7, 9], "excluded_lines": [], "functions": {"split_data": {"executed_lines": [], "summary": {"covered_lines": 0, "num_statements": 1, "percent_covered": 0.0, "percent_covered_display": "0", "missing_lines": 1, "excluded_lines": 0, "percent_statements_covered": 0.0, "percent_statements_covered_display": "0"}, "missing_lines": [9], "excluded_lines": [], "start_line": 7}, "": {"executed_lines": [], "summary": {"covered_lines": 0, "num_statements": 3, "percent_covered": 0.0, "percent_covered_display": "0", "missing_lines": 3, "excluded_lines": 0, "percent_statements_covered": 0.0, "percent_statements_covered_display": "0"}, "missing_lines": [3, 4, 7], "excluded_lines": [], "start_line": 1}}, "classes": {"": {"executed_lines": [], "summary": {"covered_lines": 0, "num_statements": 4, "percent_covered": 0.0, "percent_covered_display": "0", "missing_lines": 4, "excluded_lines": 0, "percent_statements_covered": 0.0, "percent_statements_covered_display": "0"}, "missing_lines": [3, 4, 7, 9], "excluded_lines": [], "start_line": 1}}}, "src\\data\\validate.py": {"executed_lines": [6, 8, 9, 11, 12, 15, 18, 20, 21, 22, 24, 34, 35, 38, 39, 40, 41, 42, 43, 45, 47, 54, 56, 58, 59, 61, 62, 63, 65, 66, 69, 71, 73, 74, 75, 77, 78, 80, 81, 82, 83, 86, 92, 93, 94, 95, 98, 99, 101, 106, 108, 110, 111, 112, 114, 115, 117, 118, 121, 126, 128, 130, 131, 132, 134, 137, 138, 139, 145, 146, 147, 148, 152, 154, 156, 157, 158, 160, 163, 164, 166, 167, 168, 173, 175, 177, 178, 179, 181, 182, 184, 185, 203, 205, 212, 213, 214, 215, 222, 225], "summary": {"covered_lines": 100, "num_statements": 135, "percent_covered": 74.07407407407408, "percent_covered_display": "74", "missing_lines": 35, "excluded_lines": 0, "percent_statements_covered": 74.07407407407408, "percent_statements_covered_display": "74"}, "missing_lines": [67, 84, 85, 87, 88, 89, 90, 91, 96, 97, 102, 122, 140, 161, 187, 188, 189, 191, 192, 194, 195, 198, 199, 227, 229, 230, 231, 232, 234, 235, 237, 239, 241, 242, 243], "excluded_lines": [], "functions": {"DataValidator.__init__": {"executed_lines": [20, 21, 22], "summary": {"covered_lines": 3, "num_statements": 3, "percent_covered": 100.0, "percent_covered_display": "100", "missing_lines": 0, "excluded_lines": 0, "percent_statements_covered": 100.0, "percent_statements_covered_display": "100"}, "missing_lines": [], "excluded_lines": [], "start_line": 18}, "DataValidator.validate": {"executed_lines": [34, 35, 38, 39, 40, 41, 42, 43, 45, 47, 54], "summary": {"covered_lines": 11, "num_statements": 11, "percent_covered": 100.0, "percent_covered_display": "100", "missing_lines": 0, "excluded_lines": 0, "percent_statements_covered": 100.0, "percent_statements_covered_display": "100"}, "missing_lines": [], "excluded_lines": [], "start_line": 24}, "DataValidator._validate_columns": {"executed_lines": [58, 59, 61, 62, 63, 65, 66], "summary": {"covered_lines": 7, "num_statements": 8, "percent_covered": 87.5, "percent_covered_display": "88", "missing_lines": 1, "excluded_lines": 0, "percent_statements_covered": 87.5, "percent_statements_covered_display": "88"}, "missing_lines": [67], "excluded_lines": [], "start_line": 56}, "DataValidator._validate_dtypes": {"executed_lines": [71, 73, 74, 75, 77, 78, 80, 81, 82, 83, 86, 92, 93, 94, 95, 98, 99, 101], "summary": {"covered_lines": 18, "num_statements": 28, "percent_covered": 64.28571428571429, "percent_covered_display": "64", "missing_lines": 10, "excluded_lines": 0, "percent_statements_covered": 64.28571428571429, "percent_statements_covered_display": "64"}, "missing_lines": [84, 85, 87, 88, 89, 90, 91, 96, 97, 102], "excluded_lines": [], "start_line": 69}, "DataValidator._validate_nulls": {"executed_lines": [108, 110, 111, 112, 114, 115, 117, 118, 121], "summary": {"covered_lines": 9, "num_statements": 10, "percent_covered": 90.0, "percent_covered_display": "90", "missing_lines": 1, "excluded_lines": 0, "percent_statements_covered": 90.0, "percent_statements_covered_display": "90"}, "missing_lines": [122], "excluded_lines": [], "start_line": 106}, "DataValidator._validate_value_ranges": {"executed_lines": [128, 130, 131, 132, 134, 137, 138, 139, 145, 146, 147, 148], "summary": {"covered_lines": 12, "num_statements": 13, "percent_covered": 92.3076923076923, "percent_covered_display": "92", "missing_lines": 1, "excluded_lines": 0, "percent_statements_covered": 92.3076923076923, "percent_statements_covered_display": "92"}, "missing_lines": [140], "excluded_lines": [], "start_line": 126}, "DataValidator._validate_categorical_values": {"executed_lines": [154, 156, 157, 158, 160, 163, 164, 166, 167, 168], "summary": {"covered_lines": 10, "num_statements": 11, "percent_covered": 90.9090909090909, "percent_covered_display": "91", "missing_lines": 1, "excluded_lines": 0, "percent_statements_covered": 90.9090909090909, "percent_statements_covered_display": "91"}, "missing_lines": [161], "excluded_lines": [], "start_line": 152}, "DataValidator._detect_outliers": {"executed_lines": [175, 177, 178, 179, 181, 182, 184, 185], "summary": {"covered_lines": 8, "num_statements": 17, "percent_covered": 47.05882352941177, "percent_covered_display": "47", "missing_lines": 9, "excluded_lines": 0, "percent_statements_covered": 47.05882352941177, "percent_statements_covered_display": "47"}, "missing_lines": [187, 188, 189, 191, 192, 194, 195, 198, 199], "excluded_lines": [], "start_line": 173}, "DataValidator._calculate_stats": {"executed_lines": [205, 212, 213, 214, 215, 222], "summary": {"covered_lines": 6, "num_statements": 6, "percent_covered": 100.0, "percent_covered_display": "100", "missing_lines": 0, "excluded_lines": 0, "percent_statements_covered": 100.0, "percent_statements_covered_display": "100"}, "missing_lines": [], "excluded_lines": [], "start_line": 203}, "validate_data_file": {"executed_lines": [], "summary": {"covered_lines": 0, "num_statements": 12, "percent_covered": 0.0, "percent_covered_display": "0", "missing_lines": 12, "excluded_lines": 0, "percent_statements_covered": 0.0, "percent_statements_covered_display": "0"}, "missing_lines": [227, 229, 230, 231, 232, 234, 235, 237, 239, 241, 242, 243], "excluded_lines": [], "start_line": 225}, "": {"executed_lines": [6, 8, 9, 11, 12, 15, 18, 24, 56, 69, 106, 126, 152, 173, 203, 225], "summary": {"covered_lines": 16, "num_statements": 16, "percent_covered": 100.0, "percent_covered_display": "100", "missing_lines": 0, "excluded_lines": 0, "percent_statements_covered": 100.0, "percent_statements_covered_display": "100"}, "missing_lines": [], "excluded_lines": [], "start_line": 1}}, "classes": {"DataValidator": {"executed_lines": [20, 21, 22, 34, 35, 38, 39, 40, 41, 42, 43, 45, 47, 54, 58, 59, 61, 62, 63, 65, 66, 71, 73, 74, 75, 77, 78, 80, 81, 82, 83, 86, 92, 93, 94, 95, 98, 99, 101, 108, 110, 111, 112, 114, 115, 117, 118, 121, 128, 130, 131, 132, 134, 137, 138, 139, 145, 146, 147, 148, 154, 156, 157, 158, 160, 163, 164, 166, 167, 168, 175, 177, 178, 179, 181, 182, 184, 185, 205, 212, 213, 214, 215, 222], "summary": {"covered_lines": 84, "num_statements": 107, "percent_covered": 78.50467289719626, "percent_covered_display": "79", "missing_lines": 23, "excluded_lines": 0, "percent_statements_covered": 78.50467289719626, "percent_statements_covered_display": "79"}, "missing_lines": [67, 84, 85, 87, 88, 89, 90, 91, 96, 97, 102, 122, 140, 161, 187, 188, 189, 191, 192, 194, 195, 198, 199], "excluded_lines": [], "start_line": 15}, "": {"executed_lines": [6, 8, 9, 11, 12, 15, 18, 24, 56, 69, 106, 126, 152, 173, 203, 225], "summary": {"covered_lines": 16, "num_statements": 28, "percent_covered": 57.142857142857146, "percent_covered_display": "57", "missing_lines": 12, "excluded_lines": 0, "percent_statements_covered": 57.142857142857146, "percent_statements_covered_display": "57"}, "missing_lines": [227, 229, 230, 231, 232, 234, 235, 237, 239, 241, 242, 243], "excluded_lines": [], "start_line": 1}}}, "src\\data\\validate_run.py": {"executed_lines": [], "summary": {"covered_lines": 0, "num_statements": 54, "percent_covered": 0.0, "percent_covered_display": "0", "missing_lines": 54, "excluded_lines": 0, "percent_statements_covered": 0.0, "percent_statements_covered_display": "0"}, "missing_lines": [3, 4, 6, 8, 9, 10, 11, 14, 16, 19, 20, 22, 25, 26, 27, 28, 29, 32, 33, 34, 36, 37, 38, 40, 43, 44, 45, 46, 47, 50, 51, 53, 54, 55, 57, 60, 62, 74, 75, 76, 78, 79, 80, 81, 82, 83, 84, 85, 89, 90, 93, 95, 98, 99], "excluded_lines": [], "functions": {"run_validation_pipeline": {"executed_lines": [], "summary": {"covered_lines": 0, "num_statements": 44, "percent_covered": 0.0, "percent_covered_display": "0", "missing_lines": 44, "excluded_lines": 0, "percent_statements_covered": 0.0, "percent_statements_covered_display": "0"}, "missing_lines": [16, 19, 20, 22, 25, 26, 27, 28, 29, 32, 33, 34, 36, 37, 38, 40, 43, 44, 45, 46, 47, 50, 51, 53, 54, 55, 57, 60, 62, 74, 75, 76, 78, 79, 80, 81, 82, 83, 84, 85, 89, 90, 93, 95], "excluded_lines": [], "start_line": 14}, "": {"executed_lines": [], "summary": {"covered_lines": 0, "num_statements": 10, "percent_covered": 0.0, "percent_covered_display": "0", "missing_lines": 10, "excluded_lines": 0, "percent_statements_covered": 0.0, "percent_statements_covered_display": "0"}, "missing_lines": [3, 4, 6, 8, 9, 10, 11, 14, 98, 99], "excluded_lines": [], "start_line": 1}}, "classes": {"": {"executed_lines": [], "summary": {"covered_lines": 0, "num_statements": 54, "percent_covered": 0.0, "percent_covered_display": "0", "missing_lines": 54, "excluded_lines": 0, "percent_statements_covered": 0.0, "percent_statements_covered_display": "0"}, "missing_lines": [3, 4, 6, 8, 9, 10, 11, 14, 16, 19, 20, 22, 25, 26, 27, 28, 29, 32, 33, 34, 36, 37, 38, 40, 43, 44, 45, 46, 47, 50, 51, 53, 54, 55, 57, 60, 62, 74, 75, 76, 78, 79, 80, 81, 82, 83, 84, 85, 89, 90, 93, 95, 98, 99], "excluded_lines": [], "start_line": 1}}}, "src\\data\\verify_clean.py": {"executed_lines": [], "summary": {"covered_lines": 0, "num_statements": 29, "percent_covered": 0.0, "percent_covered_display": "0", "missing_lines": 29, "excluded_lines": 0, "percent_statements_covered": 0.0, "percent_statements_covered_display": "0"}, "missing_lines": [3, 4, 5, 6, 9, 11, 14, 15, 16, 17, 18, 19, 21, 22, 24, 27, 28, 29, 30, 31, 33, 34, 36, 38, 39, 40, 42, 45, 46], "excluded_lines": [], "functions": {"verify_clean_data": {"executed_lines": [], "summary": {"covered_lines": 0, "num_statements": 22, "percent_covered": 0.0, "percent_covered_display": "0", "missing_lines": 22, "excluded_lines": 0, "percent_statements_covered": 0.0, "percent_statements_covered_display": "0"}, "missing_lines": [11, 14, 15, 16, 17, 18, 19, 21, 22, 24, 27, 28, 29, 30, 31, 33, 34, 36, 38, 39, 40, 42], "excluded_lines": [], "start_line": 9}, "": {"executed_lines": [], "summary": {"covered_lines": 0, "num_statements": 7, "percent_covered": 0.0, "percent_covered_display": "0", "missing_lines": 7, "excluded_lines": 0, "percent_statements_covered": 0.0, "percent_statements_covered_display": "0"}, "missing_lines": [3, 4, 5, 6, 9, 45, 46], "excluded_lines": [], "start_line": 1}}, "classes": {"": {"executed_lines": [], "summary": {"covered_lines": 0, "num_statements": 29, "percent_covered": 0.0, "percent_covered_display": "0", "missing_lines": 29, "excluded_lines": 0, "percent_statements_covered": 0.0, "percent_statements_covered_display": "0"}, "missing_lines": [3, 4, 5, 6, 9, 11, 14, 15, 16, 17, 18, 19, 21, 22, 24, 27, 28, 29, 30, 31, 33, 34, 36, 38, 39, 40, 42, 45, 46], "excluded_lines": [], "start_line": 1}}}, "src\\deployment\\__init__.py": {"executed_lines": [], "summary": {"covered_lines": 0, "num_statements": 0, "percent_covered": 100.0, "percent_covered_display": "100", "missing_lines": 0, "excluded_lines": 0, "percent_statements_covered": 100.0, "percent_statements_covered_display": "100"}, "missing_lines": [], "excluded_lines": [], "functions": {"": {"executed_lines": [], "summary": {"covered_lines": 0, "num_statements": 0, "percent_covered": 100.0, "percent_covered_display": "100", "missing_lines": 0, "excluded_lines": 0, "percent_statements_covered": 100.0, "percent_statements_covered_display": "100"}, "missing_lines": [], "excluded_lines": [], "start_line": 1}}, "classes": {"": {"executed_lines": [], "summary": {"covered_lines": 0, "num_statements": 0, "percent_covered": 100.0, "percent_covered_display": "100", "missing_lines": 0, "excluded_lines": 0, "percent_statements_covered": 100.0, "percent_statements_covered_display": "100"}, "missing_lines": [], "excluded_lines": [], "start_line": 1}}}, "src\\deployment\\ab_testing.py": {"executed_lines": [], "summary": {"covered_lines": 0, "num_statements": 191, "percent_covered": 0.0, "percent_covered_display": "0", "missing_lines": 191, "excluded_lines": 0, "percent_statements_covered": 0.0, "percent_statements_covered_display": "0"}, "missing_lines": [14, 15, 16, 17, 18, 19, 21, 22, 23, 24, 25, 27, 30, 32, 33, 34, 35, 36, 39, 50, 58, 59, 60, 61, 62, 63, 67, 68, 69, 70, 72, 81, 82, 84, 85, 87, 89, 99, 101, 102, 103, 105, 106, 108, 119, 120, 121, 122, 124, 125, 127, 129, 131, 140, 141, 143, 150, 152, 153, 154, 156, 157, 158, 160, 169, 171, 172, 173, 174, 175, 177, 179, 188, 190, 191, 192, 194, 196, 197, 198, 199, 202, 203, 206, 209, 210, 212, 213, 214, 216, 217, 219, 221, 232, 233, 234, 235, 236, 238, 240, 247, 249, 250, 253, 256, 258, 268, 270, 271, 273, 275, 277, 279, 280, 282, 283, 285, 286, 287, 288, 290, 292, 294, 295, 298, 299, 301, 307, 309, 310, 312, 315, 317, 319, 320, 321, 329, 330, 331, 333, 334, 335, 336, 339, 346, 354, 355, 356, 357, 358, 359, 360, 362, 372, 374, 375, 376, 377, 379, 381, 383, 385, 388, 392, 394, 396, 397, 398, 399, 400, 402, 404, 412, 413, 415, 417, 423, 424, 425, 430, 433, 457, 459, 460, 461, 464, 465, 466, 469, 470, 472], "excluded_lines": [], "functions": {"ABTestManager.__init__": {"executed_lines": [], "summary": {"covered_lines": 0, "num_statements": 10, "percent_covered": 0.0, "percent_covered_display": "0", "missing_lines": 10, "excluded_lines": 0, "percent_statements_covered": 0.0, "percent_statements_covered_display": "0"}, "missing_lines": [58, 59, 60, 61, 62, 63, 67, 68, 69, 70], "excluded_lines": [], "start_line": 50}, "ABTestManager.add_model": {"executed_lines": [], "summary": {"covered_lines": 0, "num_statements": 5, "percent_covered": 0.0, "percent_covered_display": "0", "missing_lines": 5, "excluded_lines": 0, "percent_statements_covered": 0.0, "percent_statements_covered_display": "0"}, "missing_lines": [81, 82, 84, 85, 87], "excluded_lines": [], "start_line": 72}, "ABTestManager.route_request": {"executed_lines": [], "summary": {"covered_lines": 0, "num_statements": 6, "percent_covered": 0.0, "percent_covered_display": "0", "missing_lines": 6, "excluded_lines": 0, "percent_statements_covered": 0.0, "percent_statements_covered_display": "0"}, "missing_lines": [99, 101, 102, 103, 105, 106], "excluded_lines": [], "start_line": 89}, "ABTestManager.make_prediction": {"executed_lines": [], "summary": {"covered_lines": 0, "num_statements": 8, "percent_covered": 0.0, "percent_covered_display": "0", "missing_lines": 8, "excluded_lines": 0, "percent_statements_covered": 0.0, "percent_statements_covered_display": "0"}, "missing_lines": [119, 120, 121, 122, 124, 125, 127, 129], "excluded_lines": [], "start_line": 108}, "ABTestManager.record_result": {"executed_lines": [], "summary": {"covered_lines": 0, "num_statements": 2, "percent_covered": 0.0, "percent_covered_display": "0", "missing_lines": 2, "excluded_lines": 0, "percent_statements_covered": 0.0, "percent_statements_covered_display": "0"}, "missing_lines": [140, 141], "excluded_lines": [], "start_line": 131}, "ABTestManager.compute_metrics": {"executed_lines": [], "summary": {"covered_lines": 0, "num_statements": 15, "percent_covered": 0.0, "percent_covered_display": "0", "missing_lines": 15, "excluded_lines": 0, "percent_statements_covered": 0.0, "percent_statements_covered_display": "0"}, "missing_lines": [150, 152, 153, 154, 156, 157, 158, 160, 169, 171, 172, 173, 174, 175, 177], "excluded_lines": [], "start_line": 143}, "ABTestManager.statistical_test": {"executed_lines": [], "summary": {"covered_lines": 0, "num_statements": 27, "percent_covered": 0.0, "percent_covered_display": "0", "missing_lines": 27, "excluded_lines": 0, "percent_statements_covered": 0.0, "percent_statements_covered_display": "0"}, "missing_lines": [188, 190, 191, 192, 194, 196, 197, 198, 199, 202, 203, 206, 209, 210, 212, 213, 214, 216, 217, 219, 221, 232, 233, 234, 235, 236, 238], "excluded_lines": [], "start_line": 179}, "ABTestManager.conclude_test": {"executed_lines": [], "summary": {"covered_lines": 0, "num_statements": 11, "percent_covered": 0.0, "percent_covered_display": "0", "missing_lines": 11, "excluded_lines": 0, "percent_statements_covered": 0.0, "percent_statements_covered_display": "0"}, "missing_lines": [247, 249, 250, 253, 256, 258, 268, 270, 271, 273, 275], "excluded_lines": [], "start_line": 240}, "ABTestManager._generate_recommendation": {"executed_lines": [], "summary": {"covered_lines": 0, "num_statements": 9, "percent_covered": 0.0, "percent_covered_display": "0", "missing_lines": 9, "excluded_lines": 0, "percent_statements_covered": 0.0, "percent_statements_covered_display": "0"}, "missing_lines": [279, 280, 282, 283, 285, 286, 287, 288, 290], "excluded_lines": [], "start_line": 277}, "ABTestManager.save_report": {"executed_lines": [], "summary": {"covered_lines": 0, "num_statements": 10, "percent_covered": 0.0, "percent_covered_display": "0", "missing_lines": 10, "excluded_lines": 0, "percent_statements_covered": 0.0, "percent_statements_covered_display": "0"}, "missing_lines": [294, 295, 298, 299, 301, 307, 309, 310, 312, 315], "excluded_lines": [], "start_line": 292}, "ABTestManager._generate_comparison_table": {"executed_lines": [], "summary": {"covered_lines": 0, "num_statements": 10, "percent_covered": 0.0, "percent_covered_display": "0", "missing_lines": 10, "excluded_lines": 0, "percent_statements_covered": 0.0, "percent_statements_covered_display": "0"}, "missing_lines": [319, 320, 321, 329, 330, 331, 333, 334, 335, 336], "excluded_lines": [], "start_line": 317}, "MultiArmedBandit.__init__": {"executed_lines": [], "summary": {"covered_lines": 0, "num_statements": 7, "percent_covered": 0.0, "percent_covered_display": "0", "missing_lines": 7, "excluded_lines": 0, "percent_statements_covered": 0.0, "percent_statements_covered_display": "0"}, "missing_lines": [354, 355, 356, 357, 358, 359, 360], "excluded_lines": [], "start_line": 346}, "MultiArmedBandit.select_model": {"executed_lines": [], "summary": {"covered_lines": 0, "num_statements": 6, "percent_covered": 0.0, "percent_covered_display": "0", "missing_lines": 6, "excluded_lines": 0, "percent_statements_covered": 0.0, "percent_statements_covered_display": "0"}, "missing_lines": [372, 374, 375, 376, 377, 379], "excluded_lines": [], "start_line": 362}, "MultiArmedBandit._epsilon_greedy": {"executed_lines": [], "summary": {"covered_lines": 0, "num_statements": 4, "percent_covered": 0.0, "percent_covered_display": "0", "missing_lines": 4, "excluded_lines": 0, "percent_statements_covered": 0.0, "percent_statements_covered_display": "0"}, "missing_lines": [383, 385, 388, 392], "excluded_lines": [], "start_line": 381}, "MultiArmedBandit._upper_confidence_bound": {"executed_lines": [], "summary": {"covered_lines": 0, "num_statements": 6, "percent_covered": 0.0, "percent_covered_display": "0", "missing_lines": 6, "excluded_lines": 0, "percent_statements_covered": 0.0, "percent_statements_covered_display": "0"}, "missing_lines": [396, 397, 398, 399, 400, 402], "excluded_lines": [], "start_line": 394}, "MultiArmedBandit.update": {"executed_lines": [], "summary": {"covered_lines": 0, "num_statements": 2, "percent_covered": 0.0, "percent_covered_display": "0", "missing_lines": 2, "excluded_lines": 0, "percent_statements_covered": 0.0, "percent_statements_covered_display": "0"}, "missing_lines": [412, 413], "excluded_lines": [], "start_line": 404}, "MultiArmedBandit.get_allocations": {"executed_lines": [], "summary": {"covered_lines": 0, "num_statements": 5, "percent_covered": 0.0, "percent_covered_display": "0", "missing_lines": 5, "excluded_lines": 0, "percent_statements_covered": 0.0, "percent_statements_covered_display": "0"}, "missing_lines": [417, 423, 424, 425, 430], "excluded_lines": [], "start_line": 415}, "run_ab_test": {"executed_lines": [], "summary": {"covered_lines": 0, "num_statements": 10, "percent_covered": 0.0, "percent_covered_display": "0", "missing_lines": 10, "excluded_lines": 0, "percent_statements_covered": 0.0, "percent_statements_covered_display": "0"}, "missing_lines": [457, 459, 460, 461, 464, 465, 466, 469, 470, 472], "excluded_lines": [], "start_line": 433}, "": {"executed_lines": [], "summary": {"covered_lines": 0, "num_statements": 38, "percent_covered": 0.0, "percent_covered_display": "0", "missing_lines": 38, "excluded_lines": 0, "percent_statements_covered": 0.0, "percent_statements_covered_display": "0"}, "missing_lines": [14, 15, 16, 17, 18, 19, 21, 22, 23, 24, 25, 27, 30, 32, 33, 34, 35, 36, 39, 50, 72, 89, 108, 131, 143, 179, 240, 277, 292, 317, 339, 346, 362, 381, 394, 404, 415, 433], "excluded_lines": [], "start_line": 1}}, "classes": {"ExperimentStatus": {"executed_lines": [], "summary": {"covered_lines": 0, "num_statements": 0, "percent_covered": 100.0, "percent_covered_display": "100", "missing_lines": 0, "excluded_lines": 0, "percent_statements_covered": 100.0, "percent_statements_covered_display": "100"}, "missing_lines": [], "excluded_lines": [], "start_line": 30}, "ABTestManager": {"executed_lines": [], "summary": {"covered_lines": 0, "num_statements": 113, "percent_covered": 0.0, "percent_covered_display": "0", "missing_lines": 113, "excluded_lines": 0, "percent_statements_covered": 0.0, "percent_statements_covered_display": "0"}, "missing_lines": [58, 59, 60, 61, 62, 63, 67, 68, 69, 70, 81, 82, 84, 85, 87, 99, 101, 102, 103, 105, 106, 119, 120, 121, 122, 124, 125, 127, 129, 140, 141, 150, 152, 153, 154, 156, 157, 158, 160, 169, 171, 172, 173, 174, 175, 177, 188, 190, 191, 192, 194, 196, 197, 198, 199, 202, 203, 206, 209, 210, 212, 213, 214, 216, 217, 219, 221, 232, 233, 234, 235, 236, 238, 247, 249, 250, 253, 256, 258, 268, 270, 271, 273, 275, 279, 280, 282, 283, 285, 286, 287, 288, 290, 294, 295, 298, 299, 301, 307, 309, 310, 312, 315, 319, 320, 321, 329, 330, 331, 333, 334, 335, 336], "excluded_lines": [], "start_line": 39}, "MultiArmedBandit": {"executed_lines": [], "summary": {"covered_lines": 0, "num_statements": 30, "percent_covered": 0.0, "percent_covered_display": "0", "missing_lines": 30, "excluded_lines": 0, "percent_statements_covered": 0.0, "percent_statements_covered_display": "0"}, "missing_lines": [354, 355, 356, 357, 358, 359, 360, 372, 374, 375, 376, 377, 379, 383, 385, 388, 392, 396, 397, 398, 399, 400, 402, 412, 413, 417, 423, 424, 425, 430], "excluded_lines": [], "start_line": 339}, "": {"executed_lines": [], "summary": {"covered_lines": 0, "num_statements": 48, "percent_covered": 0.0, "percent_covered_display": "0", "missing_lines": 48, "excluded_lines": 0, "percent_statements_covered": 0.0, "percent_statements_covered_display": "0"}, "missing_lines": [14, 15, 16, 17, 18, 19, 21, 22, 23, 24, 25, 27, 30, 32, 33, 34, 35, 36, 39, 50, 72, 89, 108, 131, 143, 179, 240, 277, 292, 317, 339, 346, 362, 381, 394, 404, 415, 433, 457, 459, 460, 461, 464, 465, 466, 469, 470, 472], "excluded_lines": [], "start_line": 1}}}, "src\\deployment\\api.py": {"executed_lines": [], "summary": {"covered_lines": 0, "num_statements": 25, "percent_covered": 0.0, "percent_covered_display": "0", "missing_lines": 25, "excluded_lines": 0, "percent_statements_covered": 0.0, "percent_statements_covered_display": "0"}, "missing_lines": [3, 5, 6, 8, 13, 16, 17, 18, 19, 22, 25, 26, 27, 30, 31, 33, 36, 37, 40, 45, 46, 48, 56, 57, 59], "excluded_lines": [], "functions": {"health_check": {"executed_lines": [], "summary": {"covered_lines": 0, "num_statements": 1, "percent_covered": 0.0, "percent_covered_display": "0", "missing_lines": 1, "excluded_lines": 0, "percent_statements_covered": 0.0, "percent_statements_covered_display": "0"}, "missing_lines": [33], "excluded_lines": [], "start_line": 31}, "predict": {"executed_lines": [], "summary": {"covered_lines": 0, "num_statements": 1, "percent_covered": 0.0, "percent_covered_display": "0", "missing_lines": 1, "excluded_lines": 0, "percent_statements_covered": 0.0, "percent_statements_covered_display": "0"}, "missing_lines": [40], "excluded_lines": [], "start_line": 37}, "metadata": {"executed_lines": [], "summary": {"covered_lines": 0, "num_statements": 1, "percent_covered": 0.0, "percent_covered_display": "0", "missing_lines": 1, "excluded_lines": 0, "percent_statements_covered": 0.0, "percent_statements_covered_display": "0"}, "missing_lines": [48], "excluded_lines": [], "start_line": 46}, "": {"executed_lines": [], "summary": {"covered_lines": 0, "num_statements": 22, "percent_covered": 0.0, "percent_covered_display": "0", "missing_lines": 22, "excluded_lines": 0, "percent_statements_covered": 0.0, "percent_statements_covered_display": "0"}, "missing_lines": [3, 5, 6, 8, 13, 16, 17, 18, 19, 22, 25, 26, 27, 30, 31, 36, 37, 45, 46, 56, 57, 59], "excluded_lines": [], "start_line": 1}}, "classes": {"PredictionRequest": {"executed_lines": [], "summary": {"covered_lines": 0, "num_statements": 0, "percent_covered": 100.0, "percent_covered_display": "100", "missing_lines": 0, "excluded_lines": 0, "percent_statements_covered": 100.0, "percent_statements_covered_display": "100"}, "missing_lines": [], "excluded_lines": [], "start_line": 13}, "PredictionResponse": {"executed_lines": [], "summary": {"covered_lines": 0, "num_statements": 0, "percent_covered": 100.0, "percent_covered_display": "100", "missing_lines": 0, "excluded_lines": 0, "percent_statements_covered": 100.0, "percent_statements_covered_display": "100"}, "missing_lines": [], "excluded_lines": [], "start_line": 22}, "": {"executed_lines": [], "summary": {"covered_lines": 0, "num_statements": 25, "percent_covered": 0.0, "percent_covered_display": "0", "missing_lines": 25, "excluded_lines": 0, "percent_statements_covered": 0.0, "percent_statements_covered_display": "0"}, "missing_lines": [3, 5, 6, 8, 13, 16, 17, 18, 19, 22, 25, 26, 27, 30, 31, 33, 36, 37, 40, 45, 46, 48, 56, 57, 59], "excluded_lines": [], "start_line": 1}}}, "src\\deployment\\batch_predictions.py": {"executed_lines": [3, 4, 5, 6, 7, 8, 9, 11, 12, 15, 18, 26, 27, 28, 29, 30, 32, 33, 34, 35, 37, 44, 46, 47, 49, 50, 51, 52, 53, 62, 63, 69, 80, 81, 82, 84, 86, 88, 89, 92, 100, 101, 102, 105, 111, 121, 122, 123, 125, 127, 129, 130, 133, 134, 135, 136, 138, 146, 147, 149, 155, 168, 171, 173, 182, 190, 191, 193, 194, 196, 207, 211, 213, 214, 215, 218, 219, 222, 223, 224, 227, 228, 229, 230, 231, 233, 234, 240, 247, 248, 250, 252, 264, 267, 274, 275, 276, 278, 280, 291, 293, 297, 302, 303, 304, 307, 308, 310, 317, 319, 320, 321, 322, 324, 326, 338, 340, 344, 345, 347, 353, 354, 356, 357, 359, 360, 361, 362, 364, 366, 368, 370, 380, 383, 385, 392, 393, 395, 396, 399], "summary": {"covered_lines": 140, "num_statements": 188, "percent_covered": 74.46808510638297, "percent_covered_display": "74", "missing_lines": 48, "excluded_lines": 0, "percent_statements_covered": 74.46808510638297, "percent_statements_covered_display": "74"}, "missing_lines": [54, 55, 57, 58, 59, 60, 65, 66, 67, 107, 108, 109, 151, 152, 153, 169, 183, 184, 185, 186, 187, 208, 209, 236, 237, 238, 294, 295, 341, 342, 381, 412, 415, 416, 419, 422, 423, 424, 427, 428, 431, 434, 435, 437, 438, 440, 441, 442], "excluded_lines": [], "functions": {"BatchPredictor.__init__": {"executed_lines": [26, 27, 28, 29, 30, 32, 33, 34, 35], "summary": {"covered_lines": 9, "num_statements": 9, "percent_covered": 100.0, "percent_covered_display": "100", "missing_lines": 0, "excluded_lines": 0, "percent_statements_covered": 100.0, "percent_statements_covered_display": "100"}, "missing_lines": [], "excluded_lines": [], "start_line": 18}, "BatchPredictor.load_production_model": {"executed_lines": [44, 46, 47, 49, 50, 51, 52, 53, 62, 63], "summary": {"covered_lines": 10, "num_statements": 19, "percent_covered": 52.63157894736842, "percent_covered_display": "53", "missing_lines": 9, "excluded_lines": 0, "percent_statements_covered": 52.63157894736842, "percent_statements_covered_display": "53"}, "missing_lines": [54, 55, 57, 58, 59, 60, 65, 66, 67], "excluded_lines": [], "start_line": 37}, "BatchPredictor.predict_batch": {"executed_lines": [80, 81, 82, 84, 86, 88, 89, 92, 100, 101, 102, 105], "summary": {"covered_lines": 12, "num_statements": 15, "percent_covered": 80.0, "percent_covered_display": "80", "missing_lines": 3, "excluded_lines": 0, "percent_statements_covered": 80.0, "percent_statements_covered_display": "80"}, "missing_lines": [107, 108, 109], "excluded_lines": [], "start_line": 69}, "BatchPredictor.evaluate_predictions": {"executed_lines": [121, 122, 123, 125, 127, 129, 130, 133, 134, 135, 136, 138, 146, 147, 149], "summary": {"covered_lines": 15, "num_statements": 18, "percent_covered": 83.33333333333333, "percent_covered_display": "83", "missing_lines": 3, "excluded_lines": 0, "percent_statements_covered": 83.33333333333333, "percent_statements_covered_display": "83"}, "missing_lines": [151, 152, 153], "excluded_lines": [], "start_line": 111}, "BatchPredictor.save_predictions": {"executed_lines": [168, 171, 173, 182, 190, 191, 193, 194], "summary": {"covered_lines": 8, "num_statements": 14, "percent_covered": 57.142857142857146, "percent_covered_display": "57", "missing_lines": 6, "excluded_lines": 0, "percent_statements_covered": 57.142857142857146, "percent_statements_covered_display": "57"}, "missing_lines": [169, 183, 184, 185, 186, 187], "excluded_lines": [], "start_line": 155}, "BatchPredictor.log_to_mlflow": {"executed_lines": [207, 211, 213, 214, 215, 218, 219, 222, 223, 224, 227, 228, 229, 230, 231, 233, 234], "summary": {"covered_lines": 17, "num_statements": 22, "percent_covered": 77.27272727272727, "percent_covered_display": "77", "missing_lines": 5, "excluded_lines": 0, "percent_statements_covered": 77.27272727272727, "percent_statements_covered_display": "77"}, "missing_lines": [208, 209, 236, 237, 238], "excluded_lines": [], "start_line": 196}, "BatchPredictor.get_prediction_statistics": {"executed_lines": [247, 248, 250, 252], "summary": {"covered_lines": 4, "num_statements": 4, "percent_covered": 100.0, "percent_covered_display": "100", "missing_lines": 0, "excluded_lines": 0, "percent_statements_covered": 100.0, "percent_statements_covered_display": "100"}, "missing_lines": [], "excluded_lines": [], "start_line": 240}, "PredictionMonitor.__init__": {"executed_lines": [274, 275, 276, 278], "summary": {"covered_lines": 4, "num_statements": 4, "percent_covered": 100.0, "percent_covered_display": "100", "missing_lines": 0, "excluded_lines": 0, "percent_statements_covered": 100.0, "percent_statements_covered_display": "100"}, "missing_lines": [], "excluded_lines": [], "start_line": 267}, "PredictionMonitor.check_data_drift": {"executed_lines": [291, 293, 297, 302, 303, 304, 307, 308, 310, 317, 319, 320, 321, 322, 324], "summary": {"covered_lines": 15, "num_statements": 17, "percent_covered": 88.23529411764706, "percent_covered_display": "88", "missing_lines": 2, "excluded_lines": 0, "percent_statements_covered": 88.23529411764706, "percent_statements_covered_display": "88"}, "missing_lines": [294, 295], "excluded_lines": [], "start_line": 280}, "PredictionMonitor.check_performance_degradation": {"executed_lines": [338, 340, 344, 345, 347, 353, 354, 356, 357, 359, 360, 361, 362, 364], "summary": {"covered_lines": 14, "num_statements": 16, "percent_covered": 87.5, "percent_covered_display": "88", "missing_lines": 2, "excluded_lines": 0, "percent_statements_covered": 87.5, "percent_statements_covered_display": "88"}, "missing_lines": [341, 342], "excluded_lines": [], "start_line": 326}, "PredictionMonitor.get_alerts": {"executed_lines": [368], "summary": {"covered_lines": 1, "num_statements": 1, "percent_covered": 100.0, "percent_covered_display": "100", "missing_lines": 0, "excluded_lines": 0, "percent_statements_covered": 100.0, "percent_statements_covered_display": "100"}, "missing_lines": [], "excluded_lines": [], "start_line": 366}, "PredictionMonitor.save_monitoring_report": {"executed_lines": [380, 383, 385, 392, 393, 395, 396], "summary": {"covered_lines": 7, "num_statements": 8, "percent_covered": 87.5, "percent_covered_display": "88", "missing_lines": 1, "excluded_lines": 0, "percent_statements_covered": 87.5, "percent_statements_covered_display": "88"}, "missing_lines": [381], "excluded_lines": [], "start_line": 370}, "run_batch_predictions": {"executed_lines": [], "summary": {"covered_lines": 0, "num_statements": 17, "percent_covered": 0.0, "percent_covered_display": "0", "missing_lines": 17, "excluded_lines": 0, "percent_statements_covered": 0.0, "percent_statements_covered_display": "0"}, "missing_lines": [412, 415, 416, 419, 422, 423, 424, 427, 428, 431, 434, 435, 437, 438, 440, 441, 442], "excluded_lines": [], "start_line": 399}, "": {"executed_lines": [3, 4, 5, 6, 7, 8, 9, 11, 12, 15, 18, 37, 69, 111, 155, 196, 240, 264, 267, 280, 326, 366, 370, 399], "summary": {"covered_lines": 24, "num_statements": 24, "percent_covered": 100.0, "percent_covered_display": "100", "missing_lines": 0, "excluded_lines": 0, "percent_statements_covered": 100.0, "percent_statements_covered_display": "100"}, "missing_lines": [], "excluded_lines": [], "start_line": 1}}, "classes": {"BatchPredictor": {"executed_lines": [26, 27, 28, 29, 30, 32, 33, 34, 35, 44, 46, 47, 49, 50, 51, 52, 53, 62, 63, 80, 81, 82, 84, 86, 88, 89, 92, 100, 101, 102, 105, 121, 122, 123, 125, 127, 129, 130, 133, 134, 135, 136, 138, 146, 147, 149, 168, 171, 173, 182, 190, 191, 193, 194, 207, 211, 213, 214, 215, 218, 219, 222, 223, 224, 227, 228, 229, 230, 231, 233, 234, 247, 248, 250, 252], "summary": {"covered_lines": 75, "num_statements": 101, "percent_covered": 74.25742574257426, "percent_covered_display": "74", "missing_lines": 26, "excluded_lines": 0, "percent_statements_covered": 74.25742574257426, "percent_statements_covered_display": "74"}, "missing_lines": [54, 55, 57, 58, 59, 60, 65, 66, 67, 107, 108, 109, 151, 152, 153, 169, 183, 184, 185, 186, 187, 208, 209, 236, 237, 238], "excluded_lines": [], "start_line": 15}, "PredictionMonitor": {"executed_lines": [274, 275, 276, 278, 291, 293, 297, 302, 303, 304, 307, 308, 310, 317, 319, 320, 321, 322, 324, 338, 340, 344, 345, 347, 353, 354, 356, 357, 359, 360, 361, 362, 364, 368, 380, 383, 385, 392, 393, 395, 396], "summary": {"covered_lines": 41, "num_statements": 46, "percent_covered": 89.1304347826087, "percent_covered_display": "89", "missing_lines": 5, "excluded_lines": 0, "percent_statements_covered": 89.1304347826087, "percent_statements_covered_display": "89"}, "missing_lines": [294, 295, 341, 342, 381], "excluded_lines": [], "start_line": 264}, "": {"executed_lines": [3, 4, 5, 6, 7, 8, 9, 11, 12, 15, 18, 37, 69, 111, 155, 196, 240, 264, 267, 280, 326, 366, 370, 399], "summary": {"covered_lines": 24, "num_statements": 41, "percent_covered": 58.53658536585366, "percent_covered_display": "59", "missing_lines": 17, "excluded_lines": 0, "percent_statements_covered": 58.53658536585366, "percent_statements_covered_display": "59"}, "missing_lines": [412, 415, 416, 419, 422, 423, 424, 427, 428, 431, 434, 435, 437, 438, 440, 441, 442], "excluded_lines": [], "start_line": 1}}}, "src\\deployment\\dashboard.py": {"executed_lines": [], "summary": {"covered_lines": 0, "num_statements": 7, "percent_covered": 0.0, "percent_covered_display": "0", "missing_lines": 7, "excluded_lines": 0, "percent_statements_covered": 0.0, "percent_statements_covered_display": "0"}, "missing_lines": [3, 5, 7, 9, 12, 14, 15], "excluded_lines": [], "functions": {"": {"executed_lines": [], "summary": {"covered_lines": 0, "num_statements": 7, "percent_covered": 0.0, "percent_covered_display": "0", "missing_lines": 7, "excluded_lines": 0, "percent_statements_covered": 0.0, "percent_statements_covered_display": "0"}, "missing_lines": [3, 5, 7, 9, 12, 14, 15], "excluded_lines": [], "start_line": 1}}, "classes": {"": {"executed_lines": [], "summary": {"covered_lines": 0, "num_statements": 7, "percent_covered": 0.0, "percent_covered_display": "0", "missing_lines": 7, "excluded_lines": 0, "percent_statements_covered": 0.0, "percent_statements_covered_display": "0"}, "missing_lines": [3, 5, 7, 9, 12, 14, 15], "excluded_lines": [], "start_line": 1}}}, "src\\deployment\\drift_detection.py": {"executed_lines": [], "summary": {"covered_lines": 0, "num_statements": 192, "percent_covered": 0.0, "percent_covered_display": "0", "missing_lines": 192, "excluded_lines": 0, "percent_statements_covered": 0.0, "percent_statements_covered_display": "0"}, "missing_lines": [15, 16, 17, 18, 19, 21, 22, 23, 24, 25, 26, 27, 29, 32, 39, 47, 48, 49, 50, 51, 53, 60, 62, 63, 68, 70, 72, 82, 83, 85, 86, 87, 89, 91, 93, 95, 96, 98, 100, 109, 116, 123, 124, 125, 126, 128, 136, 138, 140, 141, 142, 145, 155, 157, 169, 171, 172, 174, 180, 181, 183, 188, 190, 191, 192, 194, 196, 198, 200, 212, 214, 215, 217, 224, 225, 226, 228, 229, 230, 232, 233, 234, 236, 237, 239, 240, 241, 242, 244, 246, 251, 253, 254, 255, 257, 259, 260, 262, 264, 277, 279, 280, 282, 288, 289, 291, 292, 295, 296, 299, 300, 302, 303, 305, 307, 311, 313, 314, 315, 317, 319, 320, 322, 324, 336, 338, 339, 341, 346, 352, 353, 354, 357, 359, 364, 366, 367, 368, 370, 372, 374, 376, 386, 387, 389, 390, 391, 393, 401, 402, 403, 404, 407, 408, 409, 411, 412, 414, 415, 416, 417, 419, 421, 423, 424, 426, 429, 430, 431, 432, 433, 434, 435, 436, 437, 438, 440, 442, 443, 445, 448, 466, 468, 469, 471, 472, 475, 476, 477, 478, 480, 482], "excluded_lines": [], "functions": {"AnomalyDetector.__init__": {"executed_lines": [], "summary": {"covered_lines": 0, "num_statements": 5, "percent_covered": 0.0, "percent_covered_display": "0", "missing_lines": 5, "excluded_lines": 0, "percent_statements_covered": 0.0, "percent_statements_covered_display": "0"}, "missing_lines": [47, 48, 49, 50, 51], "excluded_lines": [], "start_line": 39}, "AnomalyDetector.fit": {"executed_lines": [], "summary": {"covered_lines": 0, "num_statements": 5, "percent_covered": 0.0, "percent_covered_display": "0", "missing_lines": 5, "excluded_lines": 0, "percent_statements_covered": 0.0, "percent_statements_covered_display": "0"}, "missing_lines": [60, 62, 63, 68, 70], "excluded_lines": [], "start_line": 53}, "AnomalyDetector.predict_anomalies": {"executed_lines": [], "summary": {"covered_lines": 0, "num_statements": 6, "percent_covered": 0.0, "percent_covered_display": "0", "missing_lines": 6, "excluded_lines": 0, "percent_statements_covered": 0.0, "percent_statements_covered_display": "0"}, "missing_lines": [82, 83, 85, 86, 87, 89], "excluded_lines": [], "start_line": 72}, "AnomalyDetector.get_anomalies": {"executed_lines": [], "summary": {"covered_lines": 0, "num_statements": 5, "percent_covered": 0.0, "percent_covered_display": "0", "missing_lines": 5, "excluded_lines": 0, "percent_statements_covered": 0.0, "percent_statements_covered_display": "0"}, "missing_lines": [93, 95, 96, 98, 100], "excluded_lines": [], "start_line": 91}, "DriftDetector.__init__": {"executed_lines": [], "summary": {"covered_lines": 0, "num_statements": 4, "percent_covered": 0.0, "percent_covered_display": "0", "missing_lines": 4, "excluded_lines": 0, "percent_statements_covered": 0.0, "percent_statements_covered_display": "0"}, "missing_lines": [123, 124, 125, 126], "excluded_lines": [], "start_line": 116}, "DriftDetector.set_reference": {"executed_lines": [], "summary": {"covered_lines": 0, "num_statements": 7, "percent_covered": 0.0, "percent_covered_display": "0", "missing_lines": 7, "excluded_lines": 0, "percent_statements_covered": 0.0, "percent_statements_covered_display": "0"}, "missing_lines": [136, 138, 140, 141, 142, 145, 155], "excluded_lines": [], "start_line": 128}, "DriftDetector.kolmogorov_smirnov_test": {"executed_lines": [], "summary": {"covered_lines": 0, "num_statements": 14, "percent_covered": 0.0, "percent_covered_display": "0", "missing_lines": 14, "excluded_lines": 0, "percent_statements_covered": 0.0, "percent_statements_covered_display": "0"}, "missing_lines": [169, 171, 172, 174, 180, 181, 183, 188, 190, 191, 192, 194, 196, 198], "excluded_lines": [], "start_line": 157}, "DriftDetector.wasserstein_distance_test": {"executed_lines": [], "summary": {"covered_lines": 0, "num_statements": 29, "percent_covered": 0.0, "percent_covered_display": "0", "missing_lines": 29, "excluded_lines": 0, "percent_statements_covered": 0.0, "percent_statements_covered_display": "0"}, "missing_lines": [212, 214, 215, 217, 224, 225, 226, 228, 229, 230, 232, 233, 234, 236, 237, 239, 240, 241, 242, 244, 246, 251, 253, 254, 255, 257, 259, 260, 262], "excluded_lines": [], "start_line": 200}, "DriftDetector.jensen_shannon_divergence": {"executed_lines": [], "summary": {"covered_lines": 0, "num_statements": 24, "percent_covered": 0.0, "percent_covered_display": "0", "missing_lines": 24, "excluded_lines": 0, "percent_statements_covered": 0.0, "percent_statements_covered_display": "0"}, "missing_lines": [277, 279, 280, 282, 288, 289, 291, 292, 295, 296, 299, 300, 302, 303, 305, 307, 311, 313, 314, 315, 317, 319, 320, 322], "excluded_lines": [], "start_line": 264}, "DriftDetector.statistical_comparison": {"executed_lines": [], "summary": {"covered_lines": 0, "num_statements": 17, "percent_covered": 0.0, "percent_covered_display": "0", "missing_lines": 17, "excluded_lines": 0, "percent_statements_covered": 0.0, "percent_statements_covered_display": "0"}, "missing_lines": [336, 338, 339, 341, 346, 352, 353, 354, 357, 359, 364, 366, 367, 368, 370, 372, 374], "excluded_lines": [], "start_line": 324}, "DriftDetector.run_all_tests": {"executed_lines": [], "summary": {"covered_lines": 0, "num_statements": 20, "percent_covered": 0.0, "percent_covered_display": "0", "missing_lines": 20, "excluded_lines": 0, "percent_statements_covered": 0.0, "percent_statements_covered_display": "0"}, "missing_lines": [386, 387, 389, 390, 391, 393, 401, 402, 403, 404, 407, 408, 409, 411, 412, 414, 415, 416, 417, 419], "excluded_lines": [], "start_line": 376}, "DriftDetector.save_results": {"executed_lines": [], "summary": {"covered_lines": 0, "num_statements": 8, "percent_covered": 0.0, "percent_covered_display": "0", "missing_lines": 8, "excluded_lines": 0, "percent_statements_covered": 0.0, "percent_statements_covered_display": "0"}, "missing_lines": [423, 424, 426, 429, 440, 442, 443, 445], "excluded_lines": [], "start_line": 421}, "DriftDetector.save_results.convert_to_serializable": {"executed_lines": [], "summary": {"covered_lines": 0, "num_statements": 9, "percent_covered": 0.0, "percent_covered_display": "0", "missing_lines": 9, "excluded_lines": 0, "percent_statements_covered": 0.0, "percent_statements_covered_display": "0"}, "missing_lines": [430, 431, 432, 433, 434, 435, 436, 437, 438], "excluded_lines": [], "start_line": 429}, "run_comprehensive_drift_detection": {"executed_lines": [], "summary": {"covered_lines": 0, "num_statements": 11, "percent_covered": 0.0, "percent_covered_display": "0", "missing_lines": 11, "excluded_lines": 0, "percent_statements_covered": 0.0, "percent_statements_covered_display": "0"}, "missing_lines": [466, 468, 469, 471, 472, 475, 476, 477, 478, 480, 482], "excluded_lines": [], "start_line": 448}, "": {"executed_lines": [], "summary": {"covered_lines": 0, "num_statements": 28, "percent_covered": 0.0, "percent_covered_display": "0", "missing_lines": 28, "excluded_lines": 0, "percent_statements_covered": 0.0, "percent_statements_covered_display": "0"}, "missing_lines": [15, 16, 17, 18, 19, 21, 22, 23, 24, 25, 26, 27, 29, 32, 39, 53, 72, 91, 109, 116, 128, 157, 200, 264, 324, 376, 421, 448], "excluded_lines": [], "start_line": 1}}, "classes": {"AnomalyDetector": {"executed_lines": [], "summary": {"covered_lines": 0, "num_statements": 21, "percent_covered": 0.0, "percent_covered_display": "0", "missing_lines": 21, "excluded_lines": 0, "percent_statements_covered": 0.0, "percent_statements_covered_display": "0"}, "missing_lines": [47, 48, 49, 50, 51, 60, 62, 63, 68, 70, 82, 83, 85, 86, 87, 89, 93, 95, 96, 98, 100], "excluded_lines": [], "start_line": 32}, "DriftDetector": {"executed_lines": [], "summary": {"covered_lines": 0, "num_statements": 132, "percent_covered": 0.0, "percent_covered_display": "0", "missing_lines": 132, "excluded_lines": 0, "percent_statements_covered": 0.0, "percent_statements_covered_display": "0"}, "missing_lines": [123, 124, 125, 126, 136, 138, 140, 141, 142, 145, 155, 169, 171, 172, 174, 180, 181, 183, 188, 190, 191, 192, 194, 196, 198, 212, 214, 215, 217, 224, 225, 226, 228, 229, 230, 232, 233, 234, 236, 237, 239, 240, 241, 242, 244, 246, 251, 253, 254, 255, 257, 259, 260, 262, 277, 279, 280, 282, 288, 289, 291, 292, 295, 296, 299, 300, 302, 303, 305, 307, 311, 313, 314, 315, 317, 319, 320, 322, 336, 338, 339, 341, 346, 352, 353, 354, 357, 359, 364, 366, 367, 368, 370, 372, 374, 386, 387, 389, 390, 391, 393, 401, 402, 403, 404, 407, 408, 409, 411, 412, 414, 415, 416, 417, 419, 423, 424, 426, 429, 430, 431, 432, 433, 434, 435, 436, 437, 438, 440, 442, 443, 445], "excluded_lines": [], "start_line": 109}, "": {"executed_lines": [], "summary": {"covered_lines": 0, "num_statements": 39, "percent_covered": 0.0, "percent_covered_display": "0", "missing_lines": 39, "excluded_lines": 0, "percent_statements_covered": 0.0, "percent_statements_covered_display": "0"}, "missing_lines": [15, 16, 17, 18, 19, 21, 22, 23, 24, 25, 26, 27, 29, 32, 39, 53, 72, 91, 109, 116, 128, 157, 200, 264, 324, 376, 421, 448, 466, 468, 469, 471, 472, 475, 476, 477, 478, 480, 482], "excluded_lines": [], "start_line": 1}}}, "src\\deployment\\enhanced_api_docs.py": {"executed_lines": [], "summary": {"covered_lines": 0, "num_statements": 119, "percent_covered": 0.0, "percent_covered_display": "0", "missing_lines": 119, "excluded_lines": 0, "percent_statements_covered": 0.0, "percent_statements_covered_display": "0"}, "missing_lines": [15, 16, 17, 18, 20, 23, 34, 36, 37, 38, 39, 40, 42, 49, 50, 52, 57, 58, 60, 61, 63, 71, 76, 78, 86, 87, 91, 93, 95, 122, 123, 126, 129, 13
[...]
5, "percent_covered": 91.11111111111111, "percent_covered_display": "91", "missing_lines": 4, "excluded_lines": 0, "percent_statements_covered": 91.11111111111111, "percent_statements_covered_display": "91"}, "missing_lines": [22, 23, 28, 29], "excluded_lines": [], "start_line": 1}}}, "src\\models\\tune_run.py": {"executed_lines": [], "summary": {"covered_lines": 0, "num_statements": 90, "percent_covered": 0.0, "percent_covered_display": "0", "missing_lines": 90, "excluded_lines": 0, "percent_statements_covered": 0.0, "percent_statements_covered_display": "0"}, "missing_lines": [3, 4, 5, 6, 8, 9, 10, 11, 14, 16, 18, 20, 21, 23, 24, 25, 26, 28, 29, 32, 35, 36, 37, 38, 40, 41, 42, 43, 44, 46, 49, 51, 52, 53, 55, 56, 57, 59, 60, 61, 63, 66, 67, 69, 70, 71, 72, 75, 76, 77, 78, 79, 81, 84, 85, 87, 95, 96, 97, 99, 100, 101, 102, 103, 104, 105, 106, 107, 108, 110, 113, 114, 115, 116, 118, 119, 120, 121, 122, 123, 124, 125, 127, 128, 130, 132, 133, 134, 137, 138], "excluded_lines": [], "functions": {"main": {"executed_lines": [], "summary": {"covered_lines": 0, "num_statements": 79, "percent_covered": 0.0, "percent_covered_display": "0", "missing_lines": 79, "excluded_lines": 0, "percent_statements_covered": 0.0, "percent_statements_covered_display": "0"}, "missing_lines": [16, 18, 20, 21, 23, 24, 25, 26, 28, 29, 32, 35, 36, 37, 38, 40, 41, 42, 43, 44, 46, 49, 51, 52, 53, 55, 56, 57, 59, 60, 61, 63, 66, 67, 69, 70, 71, 72, 75, 76, 77, 78, 79, 81, 84, 85, 87, 95, 96, 97, 99, 100, 101, 102, 103, 104, 105, 106, 107, 108, 110, 113, 114, 115, 116, 118, 119, 120, 121, 122, 123, 124, 125, 127, 128, 130, 132, 133, 134], "excluded_lines": [], "start_line": 14}, "": {"executed_lines": [], "summary": {"covered_lines": 0, "num_statements": 11, "percent_covered": 0.0, "percent_covered_display": "0", "missing_lines": 11, "excluded_lines": 0, "percent_statements_covered": 0.0, "percent_statements_covered_display": "0"}, "missing_lines": [3, 4, 5, 6, 8, 9, 10, 11, 14, 137, 138], "excluded_lines": [], "start_line": 1}}, "classes": {"": {"executed_lines": [], "summary": {"covered_lines": 0, "num_statements": 90, "percent_covered": 0.0, "percent_covered_display": "0", "missing_lines": 90, "excluded_lines": 0, "percent_statements_covered": 0.0, "percent_statements_covered_display": "0"}, "missing_lines": [3, 4, 5, 6, 8, 9, 10, 11, 14, 16, 18, 20, 21, 23, 24, 25, 26, 28, 29, 32, 35, 36, 37, 38, 40, 41, 42, 43, 44, 46, 49, 51, 52, 53, 55, 56, 57, 59, 60, 61, 63, 66, 67, 69, 70, 71, 72, 75, 76, 77, 78, 79, 81, 84, 85, 87, 95, 96, 97, 99, 100, 101, 102, 103, 104, 105, 106, 107, 108, 110, 113, 114, 115, 116, 118, 119, 120, 121, 122, 123, 124, 125, 127, 128, 130, 132, 133, 134, 137, 138], "excluded_lines": [], "start_line": 1}}}, "src\\monitoring\\__init__.py": {"executed_lines": [], "summary": {"covered_lines": 0, "num_statements": 133, "percent_covered": 0.0, "percent_covered_display": "0", "missing_lines": 133, "excluded_lines": 0, "percent_statements_covered": 0.0, "percent_statements_covered_display": "0"}, "missing_lines": [8, 9, 10, 11, 12, 13, 14, 16, 17, 18, 19, 20, 21, 22, 23, 24, 25, 32, 35, 36, 37, 38, 40, 41, 43, 50, 51, 52, 58, 60, 68, 69, 70, 75, 76, 77, 78, 80, 87, 88, 89, 95, 99, 102, 108, 116, 123, 130, 136, 143, 154, 157, 163, 166, 172, 173, 176, 178, 180, 182, 184, 186, 188, 190, 197, 200, 206, 207, 208, 209, 212, 229, 231, 233, 235, 237, 239, 241, 243, 245, 252, 254, 255, 256, 257, 258, 259, 260, 262, 263, 266, 267, 270, 272, 273, 274, 275, 276, 277, 278, 279, 280, 281, 282, 283, 285, 286, 290, 295, 296, 299, 301, 302, 303, 304, 306, 307, 308, 310, 316, 317, 318, 323, 325, 332, 341, 346, 347, 350, 351, 353, 356, 358], "excluded_lines": [], "functions": {"MetricsRegistry.__init__": {"executed_lines": [], "summary": {"covered_lines": 0, "num_statements": 3, "percent_covered": 0.0, "percent_covered_display": "0", "missing_lines": 3, "excluded_lines": 0, "percent_statements_covered": 0.0, "percent_statements_covered_display": "0"}, "missing_lines": [36, 37, 38], "excluded_lines": [], "start_line": 35}, "MetricsRegistry._get_metric_name": {"executed_lines": [], "summary": {"covered_lines": 0, "num_statements": 1, "percent_covered": 0.0, "percent_covered_display": "0", "missing_lines": 1, "excluded_lines": 0, "percent_statements_covered": 0.0, "percent_statements_covered_display": "0"}, "missing_lines": [41], "excluded_lines": [], "start_line": 40}, "MetricsRegistry.counter": {"executed_lines": [], "summary": {"covered_lines": 0, "num_statements": 4, "percent_covered": 0.0, "percent_covered_display": "0", "missing_lines": 4, "excluded_lines": 0, "percent_statements_covered": 0.0, "percent_statements_covered_display": "0"}, "missing_lines": [50, 51, 52, 58], "excluded_lines": [], "start_line": 43}, "MetricsRegistry.histogram": {"executed_lines": [], "summary": {"covered_lines": 0, "num_statements": 7, "percent_covered": 0.0, "percent_covered_display": "0", "missing_lines": 7, "excluded_lines": 0, "percent_statements_covered": 0.0, "percent_statements_covered_display": "0"}, "missing_lines": [68, 69, 70, 75, 76, 77, 78], "excluded_lines": [], "start_line": 60}, "MetricsRegistry.gauge": {"executed_lines": [], "summary": {"covered_lines": 0, "num_statements": 4, "percent_covered": 0.0, "percent_covered_display": "0", "missing_lines": 4, "excluded_lines": 0, "percent_statements_covered": 0.0, "percent_statements_covered_display": "0"}, "missing_lines": [87, 88, 89, 95], "excluded_lines": [], "start_line": 80}, "TracingSetup.__init__": {"executed_lines": [], "summary": {"covered_lines": 0, "num_statements": 6, "percent_covered": 0.0, "percent_covered_display": "0", "missing_lines": 6, "excluded_lines": 0, "percent_statements_covered": 0.0, "percent_statements_covered_display": "0"}, "missing_lines": [163, 166, 172, 173, 176, 178], "excluded_lines": [], "start_line": 157}, "TracingSetup.instrument_flask": {"executed_lines": [], "summary": {"covered_lines": 0, "num_statements": 1, "percent_covered": 0.0, "percent_covered_display": "0", "missing_lines": 1, "excluded_lines": 0, "percent_statements_covered": 0.0, "percent_statements_covered_display": "0"}, "missing_lines": [182], "excluded_lines": [], "start_line": 180}, "TracingSetup.instrument_requests": {"executed_lines": [], "summary": {"covered_lines": 0, "num_statements": 1, "percent_covered": 0.0, "percent_covered_display": "0", "missing_lines": 1, "excluded_lines": 0, "percent_statements_covered": 0.0, "percent_statements_covered_display": "0"}, "missing_lines": [186], "excluded_lines": [], "start_line": 184}, "TracingSetup.instrument_sqlalchemy": {"executed_lines": [], "summary": {"covered_lines": 0, "num_statements": 1, "percent_covered": 0.0, "percent_covered_display": "0", "missing_lines": 1, "excluded_lines": 0, "percent_statements_covered": 0.0, "percent_statements_covered_display": "0"}, "missing_lines": [190], "excluded_lines": [], "start_line": 188}, "StructuredLogger.__init__": {"executed_lines": [], "summary": {"covered_lines": 0, "num_statements": 6, "percent_covered": 0.0, "percent_covered_display": "0", "missing_lines": 6, "excluded_lines": 0, "percent_statements_covered": 0.0, "percent_statements_covered_display": "0"}, "missing_lines": [206, 207, 208, 209, 212, 229], "excluded_lines": [], "start_line": 200}, "StructuredLogger.info": {"executed_lines": [], "summary": {"covered_lines": 0, "num_statements": 1, "percent_covered": 0.0, "percent_covered_display": "0", "missing_lines": 1, "excluded_lines": 0, "percent_statements_covered": 0.0, "percent_statements_covered_display": "0"}, "missing_lines": [233], "excluded_lines": [], "start_line": 231}, "StructuredLogger.error": {"executed_lines": [], "summary": {"covered_lines": 0, "num_statements": 1, "percent_covered": 0.0, "percent_covered_display": "0", "missing_lines": 1, "excluded_lines": 0, "percent_statements_covered": 0.0, "percent_statements_covered_display": "0"}, "missing_lines": [237], "excluded_lines": [], "start_line": 235}, "StructuredLogger.warning": {"executed_lines": [], "summary": {"covered_lines": 0, "num_statements": 1, "percent_covered": 0.0, "percent_covered_display": "0", "missing_lines": 1, "excluded_lines": 0, "percent_statements_covered": 0.0, "percent_statements_covered_display": "0"}, "missing_lines": [241], "excluded_lines": [], "start_line": 239}, "StructuredLogger.debug": {"executed_lines": [], "summary": {"covered_lines": 0, "num_statements": 1, "percent_covered": 0.0, "percent_covered_display": "0", "missing_lines": 1, "excluded_lines": 0, "percent_statements_covered": 0.0, "percent_statements_covered_display": "0"}, "missing_lines": [245], "excluded_lines": [], "start_line": 243}, "track_latency": {"executed_lines": [], "summary": {"covered_lines": 0, "num_statements": 3, "percent_covered": 0.0, "percent_covered_display": "0", "missing_lines": 3, "excluded_lines": 0, "percent_statements_covered": 0.0, "percent_statements_covered_display": "0"}, "missing_lines": [254, 255, 267], "excluded_lines": [], "start_line": 252}, "track_latency.decorator": {"executed_lines": [], "summary": {"covered_lines": 0, "num_statements": 2, "percent_covered": 0.0, "percent_covered_display": "0", "missing_lines": 2, "excluded_lines": 0, "percent_statements_covered": 0.0, "percent_statements_covered_display": "0"}, "missing_lines": [256, 266], "excluded_lines": [], "start_line": 254}, "track_latency.decorator.wrapper": {"executed_lines": [], "summary": {"covered_lines": 0, "num_statements": 6, "percent_covered": 0.0, "percent_covered_display": "0", "missing_lines": 6, "excluded_lines": 0, "percent_statements_covered": 0.0, "percent_statements_covered_display": "0"}, "missing_lines": [257, 258, 259, 260, 262, 263], "excluded_lines": [], "start_line": 256}, "track_request": {"executed_lines": [], "summary": {"covered_lines": 0, "num_statements": 3, "percent_covered": 0.0, "percent_covered_display": "0", "missing_lines": 3, "excluded_lines": 0, "percent_statements_covered": 0.0, "percent_statements_covered_display": "0"}, "missing_lines": [272, 273, 296], "excluded_lines": [], "start_line": 270}, "track_request.decorator": {"executed_lines": [], "summary": {"covered_lines": 0, "num_statements": 2, "percent_covered": 0.0, "percent_covered_display": "0", "missing_lines": 2, "excluded_lines": 0, "percent_statements_covered": 0.0, "percent_statements_covered_display": "0"}, "missing_lines": [274, 295], "excluded_lines": [], "start_line": 272}, "track_request.decorator.wrapper": {"executed_lines": [], "summary": {"covered_lines": 0, "num_statements": 12, "percent_covered": 0.0, "percent_covered_display": "0", "missing_lines": 12, "excluded_lines": 0, "percent_statements_covered": 0.0, "percent_statements_covered_display": "0"}, "missing_lines": [275, 276, 277, 278, 279, 280, 281, 282, 283, 285, 286, 290], "excluded_lines": [], "start_line": 274}, "log_training_metrics": {"executed_lines": [], "summary": {"covered_lines": 0, "num_statements": 3, "percent_covered": 0.0, "percent_covered_display": "0", "missing_lines": 3, "excluded_lines": 0, "percent_statements_covered": 0.0, "percent_statements_covered_display": "0"}, "missing_lines": [301, 302, 325], "excluded_lines": [], "start_line": 299}, "log_training_metrics.wrapper": {"executed_lines": [], "summary": {"covered_lines": 0, "num_statements": 10, "percent_covered": 0.0, "percent_covered_display": "0", "missing_lines": 10, "excluded_lines": 0, "percent_statements_covered": 0.0, "percent_statements_covered_display": "0"}, "missing_lines": [303, 304, 306, 307, 308, 310, 316, 317, 318, 323], "excluded_lines": [], "start_line": 302}, "setup_monitoring": {"executed_lines": [], "summary": {"covered_lines": 0, "num_statements": 6, "percent_covered": 0.0, "percent_covered_display": "0", "missing_lines": 6, "excluded_lines": 0, "percent_statements_covered": 0.0, "percent_statements_covered_display": "0"}, "missing_lines": [341, 346, 347, 350, 351, 353], "excluded_lines": [], "start_line": 332}, "get_metrics_registry": {"executed_lines": [], "summary": {"covered_lines": 0, "num_statements": 1, "percent_covered": 0.0, "percent_covered_display": "0", "missing_lines": 1, "excluded_lines": 0, "percent_statements_covered": 0.0, "percent_statements_covered_display": "0"}, "missing_lines": [358], "excluded_lines": [], "start_line": 356}, "": {"executed_lines": [], "summary": {"covered_lines": 0, "num_statements": 47, "percent_covered": 0.0, "percent_covered_display": "0", "missing_lines": 47, "excluded_lines": 0, "percent_statements_covered": 0.0, "percent_statements_covered_display": "0"}, "missing_lines": [8, 9, 10, 11, 12, 13, 14, 16, 17, 18, 19, 20, 21, 22, 23, 24, 25, 32, 35, 40, 43, 60, 80, 99, 102, 108, 116, 123, 130, 136, 143, 154, 157, 180, 184, 188, 197, 200, 231, 235, 239, 243, 252, 270, 299, 332, 356], "excluded_lines": [], "start_line": 1}}, "classes": {"MetricsRegistry": {"executed_lines": [], "summary": {"covered_lines": 0, "num_statements": 19, "percent_covered": 0.0, "percent_covered_display": "0", "missing_lines": 19, "excluded_lines": 0, "percent_statements_covered": 0.0, "percent_statements_covered_display": "0"}, "missing_lines": [36, 37, 38, 41, 50, 51, 52, 58, 68, 69, 70, 75, 76, 77, 78, 87, 88, 89, 95], "excluded_lines": [], "start_line": 32}, "TracingSetup": {"executed_lines": [], "summary": {"covered_lines": 0, "num_statements": 9, "percent_covered": 0.0, "percent_covered_display": "0", "missing_lines": 9, "excluded_lines": 0, "percent_statements_covered": 0.0, "percent_statements_covered_display": "0"}, "missing_lines": [163, 166, 172, 173, 176, 178, 182, 186, 190], "excluded_lines": [], "start_line": 154}, "StructuredLogger": {"executed_lines": [], "summary": {"covered_lines": 0, "num_statements": 10, "percent_covered": 0.0, "percent_covered_display": "0", "missing_lines": 10, "excluded_lines": 0, "percent_statements_covered": 0.0, "percent_statements_covered_display": "0"}, "missing_lines": [206, 207, 208, 209, 212, 229, 233, 237, 241, 245], "excluded_lines": [], "start_line": 197}, "": {"executed_lines": [], "summary": {"covered_lines": 0, "num_statements": 95, "percent_covered": 0.0, "percent_covered_display": "0", "missing_lines": 95, "excluded_lines": 0, "percent_statements_covered": 0.0, "percent_statements_covered_display": "0"}, "missing_lines": [8, 9, 10, 11, 12, 13, 14, 16, 17, 18, 19, 20, 21, 22, 23, 24, 25, 32, 35, 40, 43, 60, 80, 99, 102, 108, 116, 123, 130, 136, 143, 154, 157, 180, 184, 188, 197, 200, 231, 235, 239, 243, 252, 254, 255, 256, 257, 258, 259, 260, 262, 263, 266, 267, 270, 272, 273, 274, 275, 276, 277, 278, 279, 280, 281, 282, 283, 285, 286, 290, 295, 296, 299, 301, 302, 303, 304, 306, 307, 308, 310, 316, 317, 318, 323, 325, 332, 341, 346, 347, 350, 351, 353, 356, 358], "excluded_lines": [], "start_line": 1}}}, "src\\utils\\__init__.py": {"executed_lines": [], "summary": {"covered_lines": 0, "num_statements": 0, "percent_covered": 100.0, "percent_covered_display": "100", "missing_lines": 0, "excluded_lines": 0, "percent_statements_covered": 100.0, "percent_statements_covered_display": "100"}, "missing_lines": [], "excluded_lines": [], "functions": {"": {"executed_lines": [], "summary": {"covered_lines": 0, "num_statements": 0, "percent_covered": 100.0, "percent_covered_display": "100", "missing_lines": 0, "excluded_lines": 0, "percent_statements_covered": 100.0, "percent_statements_covered_display": "100"}, "missing_lines": [], "excluded_lines": [], "start_line": 1}}, "classes": {"": {"executed_lines": [], "summary": {"covered_lines": 0, "num_statements": 0, "percent_covered": 100.0, "percent_covered_display": "100", "missing_lines": 0, "excluded_lines": 0, "percent_statements_covered": 100.0, "percent_statements_covered_display": "100"}, "missing_lines": [], "excluded_lines": [], "start_line": 1}}}, "src\\utils\\config.py": {"executed_lines": [3, 4, 7, 10, 11, 12, 13, 14, 17, 18, 21, 22, 25, 26, 27], "summary": {"covered_lines": 15, "num_statements": 15, "percent_covered": 100.0, "percent_covered_display": "100", "missing_lines": 0, "excluded_lines": 0, "percent_statements_covered": 100.0, "percent_statements_covered_display": "100"}, "missing_lines": [], "excluded_lines": [], "functions": {"": {"executed_lines": [3, 4, 7, 10, 11, 12, 13, 14, 17, 18, 21, 22, 25, 26, 27], "summary": {"covered_lines": 15, "num_statements": 15, "percent_covered": 100.0, "percent_covered_display": "100", "missing_lines": 0, "excluded_lines": 0, "percent_statements_covered": 100.0, "percent_statements_covered_display": "100"}, "missing_lines": [], "excluded_lines": [], "start_line": 1}}, "classes": {"": {"executed_lines": [3, 4, 7, 10, 11, 12, 13, 14, 17, 18, 21, 22, 25, 26, 27], "summary": {"covered_lines": 15, "num_statements": 15, "percent_covered": 100.0, "percent_covered_display": "100", "missing_lines": 0, "excluded_lines": 0, "percent_statements_covered": 100.0, "percent_statements_covered_display": "100"}, "missing_lines": [], "excluded_lines": [], "start_line": 1}}}, "src\\utils\\io.py": {"executed_lines": [], "summary": {"covered_lines": 0, "num_statements": 8, "percent_covered": 0.0, "percent_covered_display": "0", "missing_lines": 8, "excluded_lines": 0, "percent_statements_covered": 0.0, "percent_statements_covered_display": "0"}, "missing_lines": [3, 4, 6, 9, 11, 12, 15, 17], "excluded_lines": [], "functions": {"save_model": {"executed_lines": [], "summary": {"covered_lines": 0, "num_statements": 2, "percent_covered": 0.0, "percent_covered_display": "0", "missing_lines": 2, "excluded_lines": 0, "percent_statements_covered": 0.0, "percent_statements_covered_display": "0"}, "missing_lines": [11, 12], "excluded_lines": [], "start_line": 9}, "load_model": {"executed_lines": [], "summary": {"covered_lines": 0, "num_statements": 1, "percent_covered": 0.0, "percent_covered_display": "0", "missing_lines": 1, "excluded_lines": 0, "percent_statements_covered": 0.0, "percent_statements_covered_display": "0"}, "missing_lines": [17], "excluded_lines": [], "start_line": 15}, "": {"executed_lines": [], "summary": {"covered_lines": 0, "num_statements": 5, "percent_covered": 0.0, "percent_covered_display": "0", "missing_lines": 5, "excluded_lines": 0, "percent_statements_covered": 0.0, "percent_statements_covered_display": "0"}, "missing_lines": [3, 4, 6, 9, 15], "excluded_lines": [], "start_line": 1}}, "classes": {"": {"executed_lines": [], "summary": {"covered_lines": 0, "num_statements": 8, "percent_covered": 0.0, "percent_covered_display": "0", "missing_lines": 8, "excluded_lines": 0, "percent_statements_covered": 0.0, "percent_statements_covered_display": "0"}, "missing_lines": [3, 4, 6, 9, 11, 12, 15, 17], "excluded_lines": [], "start_line": 1}}}, "src\\utils\\logger.py": {"executed_lines": [3, 4, 7, 8, 11, 17], "summary": {"covered_lines": 6, "num_statements": 6, "percent_covered": 100.0, "percent_covered_display": "100", "missing_lines": 0, "excluded_lines": 0, "percent_statements_covered": 100.0, "percent_statements_covered_display": "100"}, "missing_lines": [], "excluded_lines": [], "functions": {"": {"executed_lines": [3, 4, 7, 8, 11, 17], "summary": {"covered_lines": 6, "num_statements": 6, "percent_covered": 100.0, "percent_covered_display": "100", "missing_lines": 0, "excluded_lines": 0, "percent_statements_covered": 100.0, "percent_statements_covered_display": "100"}, "missing_lines": [], "excluded_lines": [], "start_line": 1}}, "classes": {"": {"executed_lines": [3, 4, 7, 8, 11, 17], "summary": {"covered_lines": 6, "num_statements": 6, "percent_covered": 100.0, "percent_covered_display": "100", "missing_lines": 0, "excluded_lines": 0, "percent_statements_covered": 100.0, "percent_statements_covered_display": "100"}, "missing_lines": [], "excluded_lines": [], "start_line": 1}}}}, "totals": {"covered_lines": 1153, "num_statements": 3857, "percent_covered": 29.893699766658024, "percent_covered_display": "30", "missing_lines": 2704, "excluded_lines": 0, "percent_statements_covered": 29.893699766658024, "percent_statements_covered_display": "30"}}